{"contracts/Decorated.sol":{"l":{},"path":"/home/fargento/Cartesi/contracts/contracts/Decorated.sol","s":{"1":326,"2":0},"b":{"1":[223,103],"2":[0,0]},"f":{"1":326,"2":0},"fnMap":{"1":{"name":"onlyBy","line":6,"loc":{"start":{"line":6,"column":2},"end":{"line":6,"column":31}}},"2":{"name":"onlyAfter","line":8,"loc":{"start":{"line":8,"column":2},"end":{"line":8,"column":31}}}},"statementMap":{"1":{"start":{"line":6,"column":34},"end":{"line":6,"column":60}},"2":{"start":{"line":8,"column":34},"end":{"line":8,"column":52}}},"branchMap":{"1":{"line":6,"type":"if","locations":[{"start":{"line":6,"column":34},"end":{"line":6,"column":34}},{"start":{"line":6,"column":34},"end":{"line":6,"column":34}}]},"2":{"line":8,"type":"if","locations":[{"start":{"line":8,"column":34},"end":{"line":8,"column":34}},{"start":{"line":8,"column":34},"end":{"line":8,"column":34}}]}}},"contracts/DepthInterface.sol":{"l":{"20":0,"24":0,"28":0,"32":0,"36":0,"40":0,"44":0,"48":0,"52":0,"56":0,"60":0,"69":3,"75":0,"80":0,"87":0,"93":0},"path":"/home/fargento/Cartesi/contracts/contracts/DepthInterface.sol","s":{"1":0,"2":0,"3":0,"4":0,"5":0,"6":0,"7":0,"8":0,"9":0,"10":0,"11":0,"12":0},"b":{},"f":{"1":0,"2":0,"3":0,"4":0,"5":0,"6":0,"7":0,"8":0,"9":0,"10":0,"11":0,"12":3,"13":0,"14":0,"15":0,"16":0},"fnMap":{"1":{"name":"challenger","line":19,"loc":{"start":{"line":19,"column":2},"end":{"line":19,"column":53}}},"2":{"name":"claimer","line":23,"loc":{"start":{"line":23,"column":2},"end":{"line":23,"column":50}}},"3":{"name":"timeOfLastMove","line":27,"loc":{"start":{"line":27,"column":2},"end":{"line":27,"column":54}}},"4":{"name":"roundDuration","line":31,"loc":{"start":{"line":31,"column":2},"end":{"line":31,"column":53}}},"5":{"name":"claimerCurrentHash","line":35,"loc":{"start":{"line":35,"column":2},"end":{"line":35,"column":61}}},"6":{"name":"claimerLeftChildHash","line":39,"loc":{"start":{"line":39,"column":2},"end":{"line":39,"column":63}}},"7":{"name":"claimerRightChildHash","line":43,"loc":{"start":{"line":43,"column":2},"end":{"line":43,"column":64}}},"8":{"name":"currentDepth","line":47,"loc":{"start":{"line":47,"column":2},"end":{"line":47,"column":53}}},"9":{"name":"currentAddress","line":51,"loc":{"start":{"line":51,"column":2},"end":{"line":51,"column":56}}},"10":{"name":"controvesialPhraseOfClaimer","line":55,"loc":{"start":{"line":55,"column":2},"end":{"line":55,"column":70}}},"11":{"name":"currentState","line":59,"loc":{"start":{"line":59,"column":2},"end":{"line":59,"column":62}}},"12":{"name":null,"line":65,"loc":{"start":{"line":65,"column":2},"end":{"line":68,"column":3}}},"13":{"name":"replyQuery","line":73,"loc":{"start":{"line":73,"column":2},"end":{"line":74,"column":3}}},"14":{"name":"makeQuery","line":78,"loc":{"start":{"line":78,"column":2},"end":{"line":79,"column":3}}},"15":{"name":"postControversialPhrase","line":83,"loc":{"start":{"line":83,"column":2},"end":{"line":86,"column":3}}},"16":{"name":"claimVictoryByTime","line":90,"loc":{"start":{"line":90,"column":2},"end":{"line":92,"column":3}}}},"statementMap":{"1":{"start":{"line":20,"column":4},"end":{"line":20,"column":27}},"2":{"start":{"line":24,"column":4},"end":{"line":24,"column":24}},"3":{"start":{"line":28,"column":4},"end":{"line":28,"column":31}},"4":{"start":{"line":32,"column":4},"end":{"line":32,"column":30}},"5":{"start":{"line":36,"column":4},"end":{"line":36,"column":35}},"6":{"start":{"line":40,"column":4},"end":{"line":40,"column":37}},"7":{"start":{"line":44,"column":4},"end":{"line":44,"column":38}},"8":{"start":{"line":48,"column":4},"end":{"line":48,"column":29}},"9":{"start":{"line":52,"column":4},"end":{"line":52,"column":31}},"10":{"start":{"line":56,"column":4},"end":{"line":56,"column":45}},"11":{"start":{"line":60,"column":4},"end":{"line":60,"column":29}},"12":{"start":{"line":87,"column":4},"end":{"line":87,"column":68}}},"branchMap":{}},"contracts/DepthLib.sol":{"l":{"59":3,"60":3,"61":3,"62":3,"63":3,"64":3,"65":3,"66":3,"67":3,"68":3,"78":0,"79":0,"80":0,"81":0,"82":0,"83":0,"84":0,"85":0,"96":0,"97":0,"98":0,"99":0,"101":0,"102":0,"106":0,"107":0,"108":0,"109":0,"111":0,"113":0,"114":0,"126":0,"127":0,"128":0,"129":0,"130":0,"131":0,"132":0,"133":0,"134":0,"135":0,"136":0,"137":0,"138":0,"139":0,"140":0,"141":0,"143":0,"148":0,"151":0,"152":0,"153":0,"155":0,"158":0,"159":0,"160":0,"162":0,"165":0,"166":0,"167":0,"169":0},"path":"/home/fargento/Cartesi/contracts/contracts/DepthLib.sol","s":{"1":3,"2":3,"3":3,"4":3,"5":3,"6":3,"7":3,"8":3,"9":3,"10":3,"11":0,"12":0,"13":0,"14":0,"15":0,"16":0,"17":0,"18":0,"19":0,"20":0,"21":0,"22":0,"23":0,"24":0,"25":0,"26":0,"27":0,"28":0,"29":0,"30":0,"31":0,"32":0,"33":0,"34":0,"35":0,"36":0,"37":0,"38":0,"39":0,"40":0,"41":0,"42":0,"43":0,"44":0,"45":0,"46":0,"47":0,"48":0,"49":0,"50":0,"51":0,"52":0,"53":0,"54":0,"55":0,"56":0,"57":0,"58":0,"59":0,"60":0,"61":0},"b":{"1":[3,0],"2":[0,0],"3":[0,0],"4":[0,0],"5":[0,0],"6":[0,0],"7":[0,0],"8":[0,0],"9":[0,0],"10":[0,0],"11":[0,0],"12":[0,0],"13":[0,0],"14":[0,0],"15":[0,0],"16":[0,0],"17":[0,0]},"f":{"1":3,"2":0,"3":0,"4":0,"5":0},"fnMap":{"1":{"name":"init","line":55,"loc":{"start":{"line":55,"column":2},"end":{"line":58,"column":3}}},"2":{"name":"replyQuery","line":75,"loc":{"start":{"line":75,"column":2},"end":{"line":77,"column":3}}},"3":{"name":"makeQuery","line":93,"loc":{"start":{"line":93,"column":2},"end":{"line":95,"column":3}}},"4":{"name":"postControversialPhrase","line":122,"loc":{"start":{"line":122,"column":2},"end":{"line":125,"column":3}}},"5":{"name":"claimVictoryByTime","line":147,"loc":{"start":{"line":147,"column":2},"end":{"line":147,"column":59}}}},"statementMap":{"1":{"start":{"line":59,"column":4},"end":{"line":59,"column":35}},"2":{"start":{"line":60,"column":4},"end":{"line":60,"column":32}},"3":{"start":{"line":61,"column":4},"end":{"line":61,"column":26}},"4":{"start":{"line":62,"column":4},"end":{"line":62,"column":47}},"5":{"start":{"line":63,"column":4},"end":{"line":63,"column":24}},"6":{"start":{"line":64,"column":4},"end":{"line":64,"column":26}},"7":{"start":{"line":65,"column":4},"end":{"line":65,"column":38}},"8":{"start":{"line":66,"column":4},"end":{"line":66,"column":28}},"9":{"start":{"line":67,"column":4},"end":{"line":67,"column":42}},"10":{"start":{"line":68,"column":4},"end":{"line":68,"column":60}},"11":{"start":{"line":78,"column":4},"end":{"line":78,"column":38}},"12":{"start":{"line":79,"column":4},"end":{"line":79,"column":52}},"13":{"start":{"line":80,"column":4},"end":{"line":80,"column":69}},"14":{"start":{"line":81,"column":4},"end":{"line":81,"column":39}},"15":{"start":{"line":82,"column":4},"end":{"line":82,"column":41}},"16":{"start":{"line":83,"column":4},"end":{"line":83,"column":28}},"17":{"start":{"line":84,"column":4},"end":{"line":84,"column":41}},"18":{"start":{"line":85,"column":4},"end":{"line":85,"column":42}},"19":{"start":{"line":96,"column":4},"end":{"line":96,"column":41}},"20":{"start":{"line":97,"column":4},"end":{"line":97,"column":51}},"21":{"start":{"line":98,"column":4},"end":{"line":98,"column":3555}},"22":{"start":{"line":99,"column":6},"end":{"line":99,"column":56}},"23":{"start":{"line":101,"column":6},"end":{"line":101,"column":57}},"24":{"start":{"line":102,"column":6},"end":{"line":102,"column":3763}},"25":{"start":{"line":106,"column":4},"end":{"line":106,"column":52}},"26":{"start":{"line":107,"column":4},"end":{"line":107,"column":44}},"27":{"start":{"line":108,"column":4},"end":{"line":108,"column":3981}},"28":{"start":{"line":109,"column":6},"end":{"line":109,"column":57}},"29":{"start":{"line":111,"column":6},"end":{"line":111,"column":44}},"30":{"start":{"line":113,"column":4},"end":{"line":113,"column":28}},"31":{"start":{"line":114,"column":4},"end":{"line":114,"column":60}},"32":{"start":{"line":126,"column":4},"end":{"line":126,"column":38}},"33":{"start":{"line":127,"column":4},"end":{"line":127,"column":65}},"34":{"start":{"line":128,"column":4},"end":{"line":128,"column":35}},"35":{"start":{"line":129,"column":4},"end":{"line":129,"column":39}},"36":{"start":{"line":130,"column":4},"end":{"line":130,"column":39}},"37":{"start":{"line":131,"column":4},"end":{"line":131,"column":39}},"38":{"start":{"line":132,"column":4},"end":{"line":132,"column":39}},"39":{"start":{"line":133,"column":4},"end":{"line":133,"column":55}},"40":{"start":{"line":134,"column":4},"end":{"line":134,"column":55}},"41":{"start":{"line":135,"column":4},"end":{"line":135,"column":72}},"42":{"start":{"line":136,"column":4},"end":{"line":136,"column":53}},"43":{"start":{"line":137,"column":4},"end":{"line":137,"column":60}},"44":{"start":{"line":138,"column":4},"end":{"line":138,"column":61}},"45":{"start":{"line":139,"column":4},"end":{"line":139,"column":61}},"46":{"start":{"line":140,"column":4},"end":{"line":140,"column":53}},"47":{"start":{"line":141,"column":4},"end":{"line":141,"column":5570}},"48":{"start":{"line":143,"column":4},"end":{"line":143,"column":49}},"49":{"start":{"line":148,"column":4},"end":{"line":148,"column":5800}},"50":{"start":{"line":151,"column":6},"end":{"line":151,"column":41}},"51":{"start":{"line":152,"column":6},"end":{"line":152,"column":51}},"52":{"start":{"line":153,"column":6},"end":{"line":153,"column":12}},"53":{"start":{"line":155,"column":4},"end":{"line":155,"column":6070}},"54":{"start":{"line":158,"column":6},"end":{"line":158,"column":44}},"55":{"start":{"line":159,"column":6},"end":{"line":159,"column":51}},"56":{"start":{"line":160,"column":6},"end":{"line":160,"column":12}},"57":{"start":{"line":162,"column":4},"end":{"line":162,"column":6347}},"58":{"start":{"line":165,"column":6},"end":{"line":165,"column":44}},"59":{"start":{"line":166,"column":6},"end":{"line":166,"column":51}},"60":{"start":{"line":167,"column":6},"end":{"line":167,"column":12}},"61":{"start":{"line":169,"column":4},"end":{"line":169,"column":17}}},"branchMap":{"1":{"line":59,"type":"if","locations":[{"start":{"line":59,"column":4},"end":{"line":59,"column":4}},{"start":{"line":59,"column":4},"end":{"line":59,"column":4}}]},"2":{"line":78,"type":"if","locations":[{"start":{"line":78,"column":4},"end":{"line":78,"column":4}},{"start":{"line":78,"column":4},"end":{"line":78,"column":4}}]},"3":{"line":79,"type":"if","locations":[{"start":{"line":79,"column":4},"end":{"line":79,"column":4}},{"start":{"line":79,"column":4},"end":{"line":79,"column":4}}]},"4":{"line":80,"type":"if","locations":[{"start":{"line":80,"column":4},"end":{"line":80,"column":4}},{"start":{"line":80,"column":4},"end":{"line":80,"column":4}}]},"5":{"line":96,"type":"if","locations":[{"start":{"line":96,"column":4},"end":{"line":96,"column":4}},{"start":{"line":96,"column":4},"end":{"line":96,"column":4}}]},"6":{"line":97,"type":"if","locations":[{"start":{"line":97,"column":4},"end":{"line":97,"column":4}},{"start":{"line":97,"column":4},"end":{"line":97,"column":4}}]},"7":{"line":98,"type":"if","locations":[{"start":{"line":98,"column":4},"end":{"line":98,"column":4}},{"start":{"line":98,"column":4},"end":{"line":98,"column":4}}]},"8":{"line":106,"type":"if","locations":[{"start":{"line":106,"column":4},"end":{"line":106,"column":4}},{"start":{"line":106,"column":4},"end":{"line":106,"column":4}}]},"9":{"line":108,"type":"if","locations":[{"start":{"line":108,"column":4},"end":{"line":108,"column":4}},{"start":{"line":108,"column":4},"end":{"line":108,"column":4}}]},"10":{"line":126,"type":"if","locations":[{"start":{"line":126,"column":4},"end":{"line":126,"column":4}},{"start":{"line":126,"column":4},"end":{"line":126,"column":4}}]},"11":{"line":127,"type":"if","locations":[{"start":{"line":127,"column":4},"end":{"line":127,"column":4}},{"start":{"line":127,"column":4},"end":{"line":127,"column":4}}]},"12":{"line":128,"type":"if","locations":[{"start":{"line":128,"column":4},"end":{"line":128,"column":4}},{"start":{"line":128,"column":4},"end":{"line":128,"column":4}}]},"13":{"line":135,"type":"if","locations":[{"start":{"line":135,"column":4},"end":{"line":135,"column":4}},{"start":{"line":135,"column":4},"end":{"line":135,"column":4}}]},"14":{"line":148,"type":"if","locations":[{"start":{"line":148,"column":4},"end":{"line":148,"column":4}},{"start":{"line":148,"column":4},"end":{"line":148,"column":4}}]},"15":{"line":155,"type":"if","locations":[{"start":{"line":155,"column":4},"end":{"line":155,"column":4}},{"start":{"line":155,"column":4},"end":{"line":155,"column":4}}]},"16":{"line":162,"type":"if","locations":[{"start":{"line":162,"column":4},"end":{"line":162,"column":4}},{"start":{"line":162,"column":4},"end":{"line":162,"column":4}}]},"17":{"line":169,"type":"if","locations":[{"start":{"line":169,"column":4},"end":{"line":169,"column":4}},{"start":{"line":169,"column":4},"end":{"line":169,"column":4}}]}}},"contracts/Instantiator.sol":{"l":{},"path":"/home/fargento/Cartesi/contracts/contracts/Instantiator.sol","s":{"1":569},"b":{"1":[569,0]},"f":{"1":569},"fnMap":{"1":{"name":"onlyInstantiated","line":8,"loc":{"start":{"line":8,"column":2},"end":{"line":9,"column":3}}}},"statementMap":{"1":{"start":{"line":9,"column":4},"end":{"line":9,"column":33}}},"branchMap":{"1":{"line":9,"type":"if","locations":[{"start":{"line":9,"column":4},"end":{"line":9,"column":4}},{"start":{"line":9,"column":4},"end":{"line":9,"column":4}}]}}},"contracts/lib/bokkypoobah/Token.sol":{"l":{"25":0,"26":0,"28":0,"29":0,"30":0,"40":0,"47":0,"48":0,"55":0,"56":0,"57":0,"95":2,"96":2,"97":2,"98":2,"99":2,"100":2,"108":0,"116":0,"126":0,"127":0,"128":0,"129":0,"142":0,"143":0,"144":0,"158":0,"159":0,"160":0,"161":0,"162":0,"171":0,"178":0},"path":"/home/fargento/Cartesi/contracts/contracts/lib/bokkypoobah/Token.sol","s":{"1":0,"2":0,"3":0,"4":0,"5":0,"6":0,"7":0,"8":0,"9":0,"10":0,"11":0,"12":2,"13":2,"14":2,"15":2,"16":2,"17":2,"18":0,"19":0,"20":0,"21":0,"22":0,"23":0,"24":0,"25":0,"26":0,"27":0,"28":0,"29":0,"30":0,"31":0,"32":0,"33":0},"b":{"1":[0,0],"2":[0,0],"3":[0,0],"4":[0,0]},"f":{"1":0,"2":0,"3":0,"4":0,"5":2,"6":0,"7":0,"8":0,"9":0,"10":0,"11":0,"12":0},"fnMap":{"1":{"name":"mul","line":24,"loc":{"start":{"line":24,"column":2},"end":{"line":24,"column":70}}},"2":{"name":"div","line":36,"loc":{"start":{"line":36,"column":2},"end":{"line":36,"column":68}}},"3":{"name":"sub","line":46,"loc":{"start":{"line":46,"column":2},"end":{"line":46,"column":68}}},"4":{"name":"add","line":54,"loc":{"start":{"line":54,"column":2},"end":{"line":54,"column":70}}},"5":{"name":null,"line":94,"loc":{"start":{"line":94,"column":2},"end":{"line":94,"column":22}}},"6":{"name":"totalSupply","line":107,"loc":{"start":{"line":107,"column":2},"end":{"line":107,"column":55}}},"7":{"name":"balanceOf","line":115,"loc":{"start":{"line":115,"column":2},"end":{"line":115,"column":79}}},"8":{"name":"transfer","line":125,"loc":{"start":{"line":125,"column":2},"end":{"line":125,"column":74}}},"9":{"name":"approve","line":141,"loc":{"start":{"line":141,"column":2},"end":{"line":141,"column":78}}},"10":{"name":"transferFrom","line":157,"loc":{"start":{"line":157,"column":2},"end":{"line":157,"column":92}}},"11":{"name":"allowance","line":170,"loc":{"start":{"line":170,"column":2},"end":{"line":170,"column":98}}},"12":{"name":null,"line":177,"loc":{"start":{"line":177,"column":2},"end":{"line":177,"column":28}}}},"statementMap":{"1":{"start":{"line":25,"column":4},"end":{"line":25,"column":665}},"2":{"start":{"line":26,"column":6},"end":{"line":26,"column":14}},"3":{"start":{"line":28,"column":4},"end":{"line":28,"column":12}},"4":{"start":{"line":29,"column":4},"end":{"line":29,"column":21}},"5":{"start":{"line":30,"column":4},"end":{"line":30,"column":12}},"6":{"start":{"line":40,"column":4},"end":{"line":40,"column":16}},"7":{"start":{"line":47,"column":4},"end":{"line":47,"column":17}},"8":{"start":{"line":48,"column":4},"end":{"line":48,"column":16}},"9":{"start":{"line":55,"column":4},"end":{"line":55,"column":12}},"10":{"start":{"line":56,"column":4},"end":{"line":56,"column":17}},"11":{"start":{"line":57,"column":4},"end":{"line":57,"column":12}},"12":{"start":{"line":95,"column":4},"end":{"line":95,"column":17}},"13":{"start":{"line":96,"column":4},"end":{"line":96,"column":30}},"14":{"start":{"line":97,"column":4},"end":{"line":97,"column":16}},"15":{"start":{"line":98,"column":4},"end":{"line":98,"column":49}},"16":{"start":{"line":99,"column":4},"end":{"line":99,"column":38}},"17":{"start":{"line":100,"column":4},"end":{"line":100,"column":55}},"18":{"start":{"line":108,"column":4},"end":{"line":108,"column":47}},"19":{"start":{"line":116,"column":4},"end":{"line":116,"column":31}},"20":{"start":{"line":126,"column":4},"end":{"line":126,"column":58}},"21":{"start":{"line":127,"column":4},"end":{"line":127,"column":42}},"22":{"start":{"line":128,"column":4},"end":{"line":128,"column":41}},"23":{"start":{"line":129,"column":4},"end":{"line":129,"column":15}},"24":{"start":{"line":142,"column":4},"end":{"line":142,"column":40}},"25":{"start":{"line":143,"column":4},"end":{"line":143,"column":46}},"26":{"start":{"line":144,"column":4},"end":{"line":144,"column":15}},"27":{"start":{"line":158,"column":4},"end":{"line":158,"column":46}},"28":{"start":{"line":159,"column":4},"end":{"line":159,"column":68}},"29":{"start":{"line":160,"column":4},"end":{"line":160,"column":42}},"30":{"start":{"line":161,"column":4},"end":{"line":161,"column":35}},"31":{"start":{"line":162,"column":4},"end":{"line":162,"column":15}},"32":{"start":{"line":171,"column":4},"end":{"line":171,"column":39}},"33":{"start":{"line":178,"column":4},"end":{"line":178,"column":11}}},"branchMap":{"1":{"line":25,"type":"if","locations":[{"start":{"line":25,"column":4},"end":{"line":25,"column":4}},{"start":{"line":25,"column":4},"end":{"line":25,"column":4}}]},"2":{"line":29,"type":"if","locations":[{"start":{"line":29,"column":4},"end":{"line":29,"column":4}},{"start":{"line":29,"column":4},"end":{"line":29,"column":4}}]},"3":{"line":47,"type":"if","locations":[{"start":{"line":47,"column":4},"end":{"line":47,"column":4}},{"start":{"line":47,"column":4},"end":{"line":47,"column":4}}]},"4":{"line":56,"type":"if","locations":[{"start":{"line":56,"column":4},"end":{"line":56,"column":4}},{"start":{"line":56,"column":4},"end":{"line":56,"column":4}}]}}},"contracts/MachineInterface.sol":{"l":{},"path":"/home/fargento/Cartesi/contracts/contracts/MachineInterface.sol","s":{},"b":{},"f":{},"fnMap":{},"statementMap":{},"branchMap":{}},"contracts/Merkle.sol":{"l":{"8":17,"9":16,"10":16,"12":16,"13":16,"14":976,"15":870,"18":106,"22":16},"path":"/home/fargento/Cartesi/contracts/contracts/Merkle.sol","s":{"1":17,"2":16,"3":16,"4":16,"5":16,"6":976,"7":870,"8":106,"9":16},"b":{"1":[16,1],"2":[16,0],"3":[870,106]},"f":{"1":17},"fnMap":{"1":{"name":"getRoot","line":5,"loc":{"start":{"line":5,"column":2},"end":{"line":7,"column":3}}}},"statementMap":{"1":{"start":{"line":8,"column":4},"end":{"line":8,"column":32}},"2":{"start":{"line":9,"column":4},"end":{"line":9,"column":30}},"3":{"start":{"line":10,"column":4},"end":{"line":10,"column":60}},"4":{"start":{"line":12,"column":4},"end":{"line":12,"column":19}},"5":{"start":{"line":13,"column":4},"end":{"line":13,"column":415}},"6":{"start":{"line":14,"column":6},"end":{"line":14,"column":455}},"7":{"start":{"line":15,"column":8},"end":{"line":15,"column":545}},"8":{"start":{"line":18,"column":8},"end":{"line":18,"column":645}},"9":{"start":{"line":22,"column":4},"end":{"line":22,"column":24}}},"branchMap":{"1":{"line":8,"type":"if","locations":[{"start":{"line":8,"column":4},"end":{"line":8,"column":4}},{"start":{"line":8,"column":4},"end":{"line":8,"column":4}}]},"2":{"line":9,"type":"if","locations":[{"start":{"line":9,"column":4},"end":{"line":9,"column":4}},{"start":{"line":9,"column":4},"end":{"line":9,"column":4}}]},"3":{"line":14,"type":"if","locations":[{"start":{"line":14,"column":6},"end":{"line":14,"column":6}},{"start":{"line":14,"column":6},"end":{"line":14,"column":6}}]}}},"contracts/MMInstantiator.sol":{"l":{"69":11,"70":11,"71":11,"72":11,"73":11,"74":11,"75":11,"76":11,"77":11,"79":11,"91":9,"92":8,"94":6,"95":6,"109":6,"111":5,"114":4,"116":4,"118":4,"126":2,"127":1,"128":1,"139":14,"140":12,"141":10,"142":10,"143":10,"144":8,"145":6,"146":6,"147":6,"148":6,"149":6,"159":12,"160":10,"161":8,"162":8,"163":8,"164":6,"165":5,"166":4,"167":4,"168":4,"176":1,"177":1,"178":1,"179":1,"180":1,"181":1,"188":0,"193":0,"198":0,"203":5,"210":1,"215":0,"220":1},"path":"/home/fargento/Cartesi/contracts/contracts/MMInstantiator.sol","s":{"1":11,"2":11,"3":11,"4":11,"5":11,"6":11,"7":11,"8":11,"9":11,"10":11,"11":9,"12":8,"13":6,"14":6,"15":5,"16":4,"17":4,"18":2,"19":1,"20":1,"21":14,"22":12,"23":10,"24":10,"25":10,"26":8,"27":6,"28":6,"29":6,"30":12,"31":10,"32":8,"33":8,"34":8,"35":6,"36":5,"37":4,"38":1,"39":1,"40":1,"41":1,"42":0,"43":0,"44":0,"45":5,"46":1,"47":0,"48":1},"b":{"1":[11,0],"2":[8,1],"3":[6,2],"4":[5,1],"5":[4,1],"6":[1,1],"7":[12,2],"8":[10,2],"9":[8,2],"10":[6,2],"11":[10,2],"12":[8,2],"13":[6,2],"14":[5,1],"15":[4,1],"16":[1,0],"17":[1,0]},"f":{"1":11,"2":9,"3":6,"4":2,"5":14,"6":12,"7":1,"8":0,"9":0,"10":0,"11":5,"12":1,"13":0,"14":1},"fnMap":{"1":{"name":"instantiate","line":66,"loc":{"start":{"line":66,"column":2},"end":{"line":68,"column":3}}},"2":{"name":"proveRead","line":86,"loc":{"start":{"line":86,"column":2},"end":{"line":90,"column":3}}},"3":{"name":"proveWrite","line":103,"loc":{"start":{"line":103,"column":2},"end":{"line":108,"column":3}}},"4":{"name":"finishProofPhase","line":122,"loc":{"start":{"line":122,"column":2},"end":{"line":125,"column":3}}},"5":{"name":"read","line":134,"loc":{"start":{"line":134,"column":2},"end":{"line":138,"column":3}}},"6":{"name":"write","line":155,"loc":{"start":{"line":155,"column":2},"end":{"line":158,"column":3}}},"7":{"name":"finishReplayPhase","line":172,"loc":{"start":{"line":172,"column":2},"end":{"line":175,"column":3}}},"8":{"name":"provider","line":185,"loc":{"start":{"line":185,"column":2},"end":{"line":188,"column":3}}},"9":{"name":"client","line":190,"loc":{"start":{"line":190,"column":2},"end":{"line":193,"column":3}}},"10":{"name":"initialHash","line":195,"loc":{"start":{"line":195,"column":2},"end":{"line":198,"column":3}}},"11":{"name":"newHash","line":200,"loc":{"start":{"line":200,"column":2},"end":{"line":203,"column":3}}},"12":{"name":"stateIsWaitingProofs","line":207,"loc":{"start":{"line":207,"column":2},"end":{"line":210,"column":3}}},"13":{"name":"stateIsWaitingReplay","line":212,"loc":{"start":{"line":212,"column":2},"end":{"line":215,"column":3}}},"14":{"name":"stateIsFinishedReplay","line":217,"loc":{"start":{"line":217,"column":2},"end":{"line":220,"column":3}}}},"statementMap":{"1":{"start":{"line":69,"column":4},"end":{"line":69,"column":32}},"2":{"start":{"line":70,"column":4},"end":{"line":70,"column":57}},"3":{"start":{"line":71,"column":4},"end":{"line":71,"column":39}},"4":{"start":{"line":72,"column":4},"end":{"line":72,"column":35}},"5":{"start":{"line":73,"column":4},"end":{"line":73,"column":45}},"6":{"start":{"line":74,"column":4},"end":{"line":74,"column":41}},"7":{"start":{"line":75,"column":4},"end":{"line":75,"column":37}},"8":{"start":{"line":76,"column":4},"end":{"line":76,"column":53}},"9":{"start":{"line":77,"column":4},"end":{"line":77,"column":50}},"10":{"start":{"line":79,"column":4},"end":{"line":79,"column":25}},"11":{"start":{"line":91,"column":4},"end":{"line":91,"column":64}},"12":{"start":{"line":92,"column":4},"end":{"line":92,"column":2937}},"13":{"start":{"line":95,"column":4},"end":{"line":95,"column":53}},"14":{"start":{"line":109,"column":4},"end":{"line":109,"column":64}},"15":{"start":{"line":111,"column":4},"end":{"line":111,"column":3723}},"16":{"start":{"line":114,"column":4},"end":{"line":114,"column":3849}},"17":{"start":{"line":118,"column":4},"end":{"line":118,"column":57}},"18":{"start":{"line":126,"column":4},"end":{"line":126,"column":64}},"19":{"start":{"line":127,"column":4},"end":{"line":127,"column":54}},"20":{"start":{"line":128,"column":4},"end":{"line":128,"column":31}},"21":{"start":{"line":139,"column":4},"end":{"line":139,"column":64}},"22":{"start":{"line":140,"column":4},"end":{"line":140,"column":32}},"23":{"start":{"line":141,"column":4},"end":{"line":141,"column":49}},"24":{"start":{"line":142,"column":4},"end":{"line":142,"column":72}},"25":{"start":{"line":143,"column":4},"end":{"line":143,"column":34}},"26":{"start":{"line":144,"column":4},"end":{"line":144,"column":48}},"27":{"start":{"line":145,"column":4},"end":{"line":145,"column":38}},"28":{"start":{"line":148,"column":4},"end":{"line":148,"column":44}},"29":{"start":{"line":149,"column":4},"end":{"line":149,"column":16}},"30":{"start":{"line":159,"column":4},"end":{"line":159,"column":64}},"31":{"start":{"line":160,"column":4},"end":{"line":160,"column":32}},"32":{"start":{"line":161,"column":4},"end":{"line":161,"column":49}},"33":{"start":{"line":162,"column":4},"end":{"line":162,"column":71}},"34":{"start":{"line":163,"column":4},"end":{"line":163,"column":35}},"35":{"start":{"line":164,"column":4},"end":{"line":164,"column":48}},"36":{"start":{"line":165,"column":4},"end":{"line":165,"column":42}},"37":{"start":{"line":168,"column":4},"end":{"line":168,"column":48}},"38":{"start":{"line":176,"column":4},"end":{"line":176,"column":64}},"39":{"start":{"line":177,"column":4},"end":{"line":177,"column":78}},"40":{"start":{"line":180,"column":4},"end":{"line":180,"column":55}},"41":{"start":{"line":181,"column":4},"end":{"line":181,"column":31}},"42":{"start":{"line":188,"column":4},"end":{"line":188,"column":36}},"43":{"start":{"line":193,"column":4},"end":{"line":193,"column":34}},"44":{"start":{"line":198,"column":4},"end":{"line":198,"column":39}},"45":{"start":{"line":203,"column":4},"end":{"line":203,"column":35}},"46":{"start":{"line":210,"column":4},"end":{"line":210,"column":63}},"47":{"start":{"line":215,"column":4},"end":{"line":215,"column":63}},"48":{"start":{"line":220,"column":4},"end":{"line":220,"column":64}}},"branchMap":{"1":{"line":69,"type":"if","locations":[{"start":{"line":69,"column":4},"end":{"line":69,"column":4}},{"start":{"line":69,"column":4},"end":{"line":69,"column":4}}]},"2":{"line":91,"type":"if","locations":[{"start":{"line":91,"column":4},"end":{"line":91,"column":4}},{"start":{"line":91,"column":4},"end":{"line":91,"column":4}}]},"3":{"line":92,"type":"if","locations":[{"start":{"line":92,"column":4},"end":{"line":92,"column":4}},{"start":{"line":92,"column":4},"end":{"line":92,"column":4}}]},"4":{"line":109,"type":"if","locations":[{"start":{"line":109,"column":4},"end":{"line":109,"column":4}},{"start":{"line":109,"column":4},"end":{"line":109,"column":4}}]},"5":{"line":111,"type":"if","locations":[{"start":{"line":111,"column":4},"end":{"line":111,"column":4}},{"start":{"line":111,"column":4},"end":{"line":111,"column":4}}]},"6":{"line":126,"type":"if","locations":[{"start":{"line":126,"column":4},"end":{"line":126,"column":4}},{"start":{"line":126,"column":4},"end":{"line":126,"column":4}}]},"7":{"line":139,"type":"if","locations":[{"start":{"line":139,"column":4},"end":{"line":139,"column":4}},{"start":{"line":139,"column":4},"end":{"line":139,"column":4}}]},"8":{"line":140,"type":"if","locations":[{"start":{"line":140,"column":4},"end":{"line":140,"column":4}},{"start":{"line":140,"column":4},"end":{"line":140,"column":4}}]},"9":{"line":143,"type":"if","locations":[{"start":{"line":143,"column":4},"end":{"line":143,"column":4}},{"start":{"line":143,"column":4},"end":{"line":143,"column":4}}]},"10":{"line":144,"type":"if","locations":[{"start":{"line":144,"column":4},"end":{"line":144,"column":4}},{"start":{"line":144,"column":4},"end":{"line":144,"column":4}}]},"11":{"line":159,"type":"if","locations":[{"start":{"line":159,"column":4},"end":{"line":159,"column":4}},{"start":{"line":159,"column":4},"end":{"line":159,"column":4}}]},"12":{"line":160,"type":"if","locations":[{"start":{"line":160,"column":4},"end":{"line":160,"column":4}},{"start":{"line":160,"column":4},"end":{"line":160,"column":4}}]},"13":{"line":163,"type":"if","locations":[{"start":{"line":163,"column":4},"end":{"line":163,"column":4}},{"start":{"line":163,"column":4},"end":{"line":163,"column":4}}]},"14":{"line":164,"type":"if","locations":[{"start":{"line":164,"column":4},"end":{"line":164,"column":4}},{"start":{"line":164,"column":4},"end":{"line":164,"column":4}}]},"15":{"line":165,"type":"if","locations":[{"start":{"line":165,"column":4},"end":{"line":165,"column":4}},{"start":{"line":165,"column":4},"end":{"line":165,"column":4}}]},"16":{"line":176,"type":"if","locations":[{"start":{"line":176,"column":4},"end":{"line":176,"column":4}},{"start":{"line":176,"column":4},"end":{"line":176,"column":4}}]},"17":{"line":177,"type":"if","locations":[{"start":{"line":177,"column":4},"end":{"line":177,"column":4}},{"start":{"line":177,"column":4},"end":{"line":177,"column":4}}]}}},"contracts/MMInterface.sol":{"l":{},"path":"/home/fargento/Cartesi/contracts/contracts/MMInterface.sol","s":{},"b":{},"f":{},"fnMap":{},"statementMap":{},"branchMap":{}},"contracts/PartitionInstantiator.sol":{"l":{"65":16,"66":15,"67":14,"68":13,"69":12,"70":12,"71":12,"72":12,"73":12,"74":12,"75":12,"76":12,"77":12,"79":12,"81":12,"82":12,"83":12,"84":12,"85":12,"86":12,"88":12,"95":27,"96":27,"97":27,"98":27,"101":27,"102":3,"103":6,"104":5,"106":1,"113":24,"114":24,"115":48,"118":27,"131":56,"132":20,"133":19,"134":18,"136":52,"138":51,"139":17,"140":17,"143":17,"144":17,"145":17,"160":90,"161":60,"163":45,"164":30,"167":15,"168":15,"169":15,"170":15,"171":15,"178":102,"181":1,"182":1,"183":1,"185":101,"188":1,"189":1,"190":1,"192":100,"204":33,"205":31,"206":31,"208":1,"209":1,"210":1,"211":1,"267":1,"272":1,"277":1,"282":84,"289":16,"294":28,"299":1,"304":1,"309":1},"path":"/home/fargento/Cartesi/contracts/contracts/PartitionInstantiator.sol","s":{"1":16,"2":15,"3":14,"4":13,"5":12,"6":12,"7":12,"8":12,"9":12,"10":12,"11":12,"12":12,"13":12,"14":12,"15":12,"16":12,"17":12,"18":12,"19":12,"20":12,"21":12,"22":27,"23":27,"24":27,"25":27,"26":3,"27":6,"28":5,"29":1,"30":24,"31":24,"32":48,"33":27,"34":56,"35":20,"36":19,"37":18,"38":52,"39":51,"40":17,"41":17,"42":17,"43":17,"44":17,"45":90,"46":60,"47":45,"48":30,"49":15,"50":15,"51":15,"52":15,"53":15,"54":102,"55":1,"56":1,"57":1,"58":101,"59":1,"60":1,"61":1,"62":100,"63":33,"64":31,"65":31,"66":1,"67":1,"68":1,"69":1,"70":1,"71":1,"72":1,"73":84,"74":16,"75":28,"76":1,"77":1,"78":1},"b":{"1":[15,1],"2":[14,1],"3":[13,1],"4":[12,1],"5":[12,0],"6":[27,0],"7":[3,24],"8":[5,1],"9":[20,36],"10":[19,1],"11":[18,1],"12":[51,1],"13":[17,34],"14":[60,30],"15":[45,15],"16":[30,15],"17":[15,15],"18":[15,0],"19":[1,101],"20":[1,100],"21":[31,2],"22":[31,0],"23":[1,30]},"f":{"1":16,"2":27,"3":56,"4":90,"5":102,"6":33,"7":1,"8":1,"9":1,"10":84,"11":16,"12":28,"13":1,"14":1,"15":1},"fnMap":{"1":{"name":"instantiate","line":59,"loc":{"start":{"line":59,"column":2},"end":{"line":64,"column":3}}},"2":{"name":"slice","line":93,"loc":{"start":{"line":93,"column":2},"end":{"line":94,"column":3}}},"3":{"name":"replyQuery","line":126,"loc":{"start":{"line":126,"column":2},"end":{"line":130,"column":3}}},"4":{"name":"makeQuery","line":155,"loc":{"start":{"line":155,"column":2},"end":{"line":159,"column":3}}},"5":{"name":"claimVictoryByTime","line":175,"loc":{"start":{"line":175,"column":2},"end":{"line":177,"column":3}}},"6":{"name":"presentDivergence","line":200,"loc":{"start":{"line":200,"column":2},"end":{"line":203,"column":3}}},"7":{"name":"divergenceTime","line":264,"loc":{"start":{"line":264,"column":2},"end":{"line":267,"column":3}}},"8":{"name":"timeSubmitted","line":269,"loc":{"start":{"line":269,"column":2},"end":{"line":272,"column":3}}},"9":{"name":"timeHash","line":274,"loc":{"start":{"line":274,"column":2},"end":{"line":277,"column":3}}},"10":{"name":"queryArray","line":279,"loc":{"start":{"line":279,"column":2},"end":{"line":282,"column":3}}},"11":{"name":"stateIsWaitingQuery","line":286,"loc":{"start":{"line":286,"column":2},"end":{"line":289,"column":3}}},"12":{"name":"stateIsWaitingHashes","line":291,"loc":{"start":{"line":291,"column":2},"end":{"line":294,"column":3}}},"13":{"name":"stateIsChallengerWon","line":296,"loc":{"start":{"line":296,"column":2},"end":{"line":299,"column":3}}},"14":{"name":"stateIsClaimerWon","line":301,"loc":{"start":{"line":301,"column":2},"end":{"line":304,"column":3}}},"15":{"name":"stateIsDivergenceFound","line":306,"loc":{"start":{"line":306,"column":2},"end":{"line":309,"column":3}}}},"statementMap":{"1":{"start":{"line":65,"column":4},"end":{"line":65,"column":83}},"2":{"start":{"line":66,"column":4},"end":{"line":66,"column":67}},"3":{"start":{"line":67,"column":4},"end":{"line":67,"column":66}},"4":{"start":{"line":68,"column":4},"end":{"line":68,"column":64}},"5":{"start":{"line":69,"column":4},"end":{"line":69,"column":83}},"6":{"start":{"line":70,"column":4},"end":{"line":70,"column":50}},"7":{"start":{"line":71,"column":4},"end":{"line":71,"column":44}},"8":{"start":{"line":72,"column":4},"end":{"line":72,"column":48}},"9":{"start":{"line":73,"column":4},"end":{"line":73,"column":49}},"10":{"start":{"line":74,"column":4},"end":{"line":74,"column":58}},"11":{"start":{"line":75,"column":4},"end":{"line":75,"column":52}},"12":{"start":{"line":76,"column":4},"end":{"line":76,"column":66}},"13":{"start":{"line":77,"column":4},"end":{"line":77,"column":48}},"14":{"start":{"line":79,"column":4},"end":{"line":79,"column":84}},"15":{"start":{"line":81,"column":4},"end":{"line":81,"column":59}},"16":{"start":{"line":82,"column":4},"end":{"line":82,"column":56}},"17":{"start":{"line":83,"column":4},"end":{"line":83,"column":46}},"18":{"start":{"line":84,"column":4},"end":{"line":84,"column":60}},"19":{"start":{"line":85,"column":4},"end":{"line":85,"column":39}},"20":{"start":{"line":86,"column":4},"end":{"line":86,"column":34}},"21":{"start":{"line":88,"column":4},"end":{"line":88,"column":25}},"22":{"start":{"line":95,"column":4},"end":{"line":95,"column":80}},"23":{"start":{"line":97,"column":4},"end":{"line":97,"column":47}},"24":{"start":{"line":98,"column":4},"end":{"line":98,"column":55}},"25":{"start":{"line":101,"column":4},"end":{"line":101,"column":4157}},"26":{"start":{"line":102,"column":6},"end":{"line":102,"column":4208}},"27":{"start":{"line":103,"column":8},"end":{"line":103,"column":4257}},"28":{"start":{"line":104,"column":10},"end":{"line":104,"column":55}},"29":{"start":{"line":106,"column":10},"end":{"line":106,"column":52}},"30":{"start":{"line":113,"column":6},"end":{"line":113,"column":58}},"31":{"start":{"line":114,"column":6},"end":{"line":114,"column":4747}},"32":{"start":{"line":115,"column":8},"end":{"line":115,"column":70}},"33":{"start":{"line":118,"column":4},"end":{"line":118,"column":59}},"34":{"start":{"line":131,"column":4},"end":{"line":131,"column":94}},"35":{"start":{"line":132,"column":4},"end":{"line":132,"column":95}},"36":{"start":{"line":133,"column":4},"end":{"line":133,"column":97}},"37":{"start":{"line":134,"column":4},"end":{"line":134,"column":5688}},"38":{"start":{"line":136,"column":6},"end":{"line":136,"column":97}},"39":{"start":{"line":138,"column":6},"end":{"line":138,"column":5947}},"40":{"start":{"line":139,"column":8},"end":{"line":139,"column":60}},"41":{"start":{"line":140,"column":8},"end":{"line":140,"column":66}},"42":{"start":{"line":143,"column":4},"end":{"line":143,"column":53}},"43":{"start":{"line":144,"column":4},"end":{"line":144,"column":40}},"44":{"start":{"line":145,"column":4},"end":{"line":145,"column":29}},"45":{"start":{"line":160,"column":4},"end":{"line":160,"column":92}},"46":{"start":{"line":161,"column":4},"end":{"line":161,"column":98}},"47":{"start":{"line":163,"column":4},"end":{"line":163,"column":103}},"48":{"start":{"line":164,"column":4},"end":{"line":164,"column":108}},"49":{"start":{"line":167,"column":4},"end":{"line":167,"column":66}},"50":{"start":{"line":168,"column":4},"end":{"line":168,"column":39}},"51":{"start":{"line":169,"column":4},"end":{"line":169,"column":54}},"52":{"start":{"line":170,"column":4},"end":{"line":170,"column":40}},"53":{"start":{"line":171,"column":4},"end":{"line":171,"column":28}},"54":{"start":{"line":178,"column":4},"end":{"line":178,"column":7886}},"55":{"start":{"line":181,"column":6},"end":{"line":181,"column":56}},"56":{"start":{"line":182,"column":6},"end":{"line":182,"column":71}},"57":{"start":{"line":183,"column":6},"end":{"line":183,"column":12}},"58":{"start":{"line":185,"column":4},"end":{"line":185,"column":8243}},"59":{"start":{"line":188,"column":6},"end":{"line":188,"column":53}},"60":{"start":{"line":189,"column":6},"end":{"line":189,"column":71}},"61":{"start":{"line":190,"column":6},"end":{"line":190,"column":12}},"62":{"start":{"line":192,"column":4},"end":{"line":192,"column":11}},"63":{"start":{"line":204,"column":4},"end":{"line":204,"column":105}},"64":{"start":{"line":205,"column":4},"end":{"line":205,"column":104}},"65":{"start":{"line":206,"column":4},"end":{"line":206,"column":112}},"66":{"start":{"line":208,"column":4},"end":{"line":208,"column":52}},"67":{"start":{"line":209,"column":4},"end":{"line":209,"column":56}},"68":{"start":{"line":210,"column":4},"end":{"line":210,"column":69}},"69":{"start":{"line":211,"column":4},"end":{"line":211,"column":9645}},"70":{"start":{"line":267,"column":4},"end":{"line":267,"column":42}},"71":{"start":{"line":272,"column":4},"end":{"line":272,"column":46}},"72":{"start":{"line":277,"column":4},"end":{"line":277,"column":41}},"73":{"start":{"line":282,"column":4},"end":{"line":282,"column":41}},"74":{"start":{"line":289,"column":4},"end":{"line":289,"column":62}},"75":{"start":{"line":294,"column":4},"end":{"line":294,"column":63}},"76":{"start":{"line":299,"column":4},"end":{"line":299,"column":63}},"77":{"start":{"line":304,"column":4},"end":{"line":304,"column":60}},"78":{"start":{"line":309,"column":4},"end":{"line":309,"column":65}}},"branchMap":{"1":{"line":65,"type":"if","locations":[{"start":{"line":65,"column":4},"end":{"line":65,"column":4}},{"start":{"line":65,"column":4},"end":{"line":65,"column":4}}]},"2":{"line":66,"type":"if","locations":[{"start":{"line":66,"column":4},"end":{"line":66,"column":4}},{"start":{"line":66,"column":4},"end":{"line":66,"column":4}}]},"3":{"line":67,"type":"if","locations":[{"start":{"line":67,"column":4},"end":{"line":67,"column":4}},{"start":{"line":67,"column":4},"end":{"line":67,"column":4}}]},"4":{"line":68,"type":"if","locations":[{"start":{"line":68,"column":4},"end":{"line":68,"column":4}},{"start":{"line":68,"column":4},"end":{"line":68,"column":4}}]},"5":{"line":69,"type":"if","locations":[{"start":{"line":69,"column":4},"end":{"line":69,"column":4}},{"start":{"line":69,"column":4},"end":{"line":69,"column":4}}]},"6":{"line":95,"type":"if","locations":[{"start":{"line":95,"column":4},"end":{"line":95,"column":4}},{"start":{"line":95,"column":4},"end":{"line":95,"column":4}}]},"7":{"line":101,"type":"if","locations":[{"start":{"line":101,"column":4},"end":{"line":101,"column":4}},{"start":{"line":101,"column":4},"end":{"line":101,"column":4}}]},"8":{"line":103,"type":"if","locations":[{"start":{"line":103,"column":8},"end":{"line":103,"column":8}},{"start":{"line":103,"column":8},"end":{"line":103,"column":8}}]},"9":{"line":131,"type":"if","locations":[{"start":{"line":131,"column":4},"end":{"line":131,"column":4}},{"start":{"line":131,"column":4},"end":{"line":131,"column":4}}]},"10":{"line":132,"type":"if","locations":[{"start":{"line":132,"column":4},"end":{"line":132,"column":4}},{"start":{"line":132,"column":4},"end":{"line":132,"column":4}}]},"11":{"line":133,"type":"if","locations":[{"start":{"line":133,"column":4},"end":{"line":133,"column":4}},{"start":{"line":133,"column":4},"end":{"line":133,"column":4}}]},"12":{"line":136,"type":"if","locations":[{"start":{"line":136,"column":6},"end":{"line":136,"column":6}},{"start":{"line":136,"column":6},"end":{"line":136,"column":6}}]},"13":{"line":138,"type":"if","locations":[{"start":{"line":138,"column":6},"end":{"line":138,"column":6}},{"start":{"line":138,"column":6},"end":{"line":138,"column":6}}]},"14":{"line":160,"type":"if","locations":[{"start":{"line":160,"column":4},"end":{"line":160,"column":4}},{"start":{"line":160,"column":4},"end":{"line":160,"column":4}}]},"15":{"line":161,"type":"if","locations":[{"start":{"line":161,"column":4},"end":{"line":161,"column":4}},{"start":{"line":161,"column":4},"end":{"line":161,"column":4}}]},"16":{"line":163,"type":"if","locations":[{"start":{"line":163,"column":4},"end":{"line":163,"column":4}},{"start":{"line":163,"column":4},"end":{"line":163,"column":4}}]},"17":{"line":164,"type":"if","locations":[{"start":{"line":164,"column":4},"end":{"line":164,"column":4}},{"start":{"line":164,"column":4},"end":{"line":164,"column":4}}]},"18":{"line":167,"type":"if","locations":[{"start":{"line":167,"column":4},"end":{"line":167,"column":4}},{"start":{"line":167,"column":4},"end":{"line":167,"column":4}}]},"19":{"line":178,"type":"if","locations":[{"start":{"line":178,"column":4},"end":{"line":178,"column":4}},{"start":{"line":178,"column":4},"end":{"line":178,"column":4}}]},"20":{"line":185,"type":"if","locations":[{"start":{"line":185,"column":4},"end":{"line":185,"column":4}},{"start":{"line":185,"column":4},"end":{"line":185,"column":4}}]},"21":{"line":204,"type":"if","locations":[{"start":{"line":204,"column":4},"end":{"line":204,"column":4}},{"start":{"line":204,"column":4},"end":{"line":204,"column":4}}]},"22":{"line":205,"type":"if","locations":[{"start":{"line":205,"column":4},"end":{"line":205,"column":4}},{"start":{"line":205,"column":4},"end":{"line":205,"column":4}}]},"23":{"line":206,"type":"if","locations":[{"start":{"line":206,"column":4},"end":{"line":206,"column":4}},{"start":{"line":206,"column":4},"end":{"line":206,"column":4}}]}}},"contracts/PartitionInterface.sol":{"l":{},"path":"/home/fargento/Cartesi/contracts/contracts/PartitionInterface.sol","s":{},"b":{},"f":{},"fnMap":{},"statementMap":{},"branchMap":{}},"contracts/SimpleMemoryInstantiator.sol":{"l":{"14":0,"15":0,"23":6,"24":6,"31":43,"32":42},"path":"/home/fargento/Cartesi/contracts/contracts/SimpleMemoryInstantiator.sol","s":{"1":0,"2":6,"3":6,"4":43,"5":42},"b":{"1":[6,0],"2":[42,1]},"f":{"1":0,"2":6,"3":43,"4":1,"5":1},"fnMap":{"1":{"name":"instantiate","line":13,"loc":{"start":{"line":13,"column":2},"end":{"line":13,"column":46}}},"2":{"name":"read","line":20,"loc":{"start":{"line":20,"column":2},"end":{"line":22,"column":3}}},"3":{"name":"write","line":30,"loc":{"start":{"line":30,"column":2},"end":{"line":30,"column":70}}},"4":{"name":"finishProofPhase","line":35,"loc":{"start":{"line":35,"column":2},"end":{"line":35,"column":47}}},"5":{"name":"finishReplayPhase","line":37,"loc":{"start":{"line":37,"column":2},"end":{"line":37,"column":48}}}},"statementMap":{"1":{"start":{"line":15,"column":4},"end":{"line":15,"column":28}},"2":{"start":{"line":23,"column":4},"end":{"line":23,"column":31}},"3":{"start":{"line":24,"column":4},"end":{"line":24,"column":43}},"4":{"start":{"line":31,"column":4},"end":{"line":31,"column":31}},"5":{"start":{"line":32,"column":4},"end":{"line":32,"column":44}}},"branchMap":{"1":{"line":23,"type":"if","locations":[{"start":{"line":23,"column":4},"end":{"line":23,"column":4}},{"start":{"line":23,"column":4},"end":{"line":23,"column":4}}]},"2":{"line":31,"type":"if","locations":[{"start":{"line":31,"column":4},"end":{"line":31,"column":4}},{"start":{"line":31,"column":4},"end":{"line":31,"column":4}}]}}},"contracts/Subleq.sol":{"l":{"42":0,"43":0,"44":0,"45":0,"73":0,"74":0,"75":0,"76":0,"77":0,"78":0,"79":0,"80":0,"81":0,"82":0,"83":0,"84":0,"87":0,"88":0,"89":0,"90":0,"91":0,"92":0,"95":0,"96":0,"97":0,"100":0,"101":0,"102":0,"103":0,"104":0,"105":0,"106":0,"107":0,"108":0,"109":0,"111":0,"113":0,"114":0,"116":0,"117":0,"119":0,"121":0,"122":0,"125":0,"128":0,"130":0,"131":0,"133":0,"135":0,"137":0,"140":0,"143":0,"144":0,"146":0,"147":0,"148":0,"149":0,"150":0,"152":0,"153":0,"155":0,"156":0,"158":0,"159":0,"165":0},"path":"/home/fargento/Cartesi/contracts/contracts/Subleq.sol","s":{"1":0,"2":0,"3":0,"4":0,"5":0,"6":0,"7":0,"8":0,"9":0,"10":0,"11":0,"12":0,"13":0,"14":0,"15":0,"16":0,"17":0,"18":0,"19":0,"20":0,"21":0,"22":0,"23":0,"24":0,"25":0,"26":0,"27":0,"28":0,"29":0,"30":0,"31":0,"32":0,"33":0,"34":0,"35":0,"36":0,"37":0,"38":0,"39":0,"40":0,"41":0,"42":0,"43":0,"44":0,"45":0,"46":0,"47":0,"48":0,"49":0,"50":0,"51":0,"52":0,"53":0,"54":0,"55":0,"56":0},"b":{"1":[0,0],"2":[0,0],"3":[0,0],"4":[0,0],"5":[0,0],"6":[0,0],"7":[0,0],"8":[0,0],"9":[0,0],"10":[0,0],"11":[0,0],"12":[0,0],"13":[0,0],"14":[0,0],"15":[0,0],"16":[0,0]},"f":{"1":3,"2":0,"3":0,"4":0},"fnMap":{"1":{"name":null,"line":38,"loc":{"start":{"line":38,"column":2},"end":{"line":38,"column":22}}},"2":{"name":"endStep","line":40,"loc":{"start":{"line":40,"column":2},"end":{"line":41,"column":30}}},"3":{"name":"step","line":50,"loc":{"start":{"line":50,"column":2},"end":{"line":52,"column":3}}},"4":{"name":"getAddress","line":163,"loc":{"start":{"line":163,"column":2},"end":{"line":164,"column":3}}}},"statementMap":{"1":{"start":{"line":42,"column":4},"end":{"line":42,"column":43}},"2":{"start":{"line":44,"column":4},"end":{"line":44,"column":29}},"3":{"start":{"line":45,"column":4},"end":{"line":45,"column":20}},"4":{"start":{"line":73,"column":4},"end":{"line":73,"column":43}},"5":{"start":{"line":74,"column":4},"end":{"line":74,"column":34}},"6":{"start":{"line":75,"column":4},"end":{"line":75,"column":34}},"7":{"start":{"line":76,"column":4},"end":{"line":76,"column":34}},"8":{"start":{"line":77,"column":4},"end":{"line":77,"column":34}},"9":{"start":{"line":78,"column":4},"end":{"line":78,"column":37}},"10":{"start":{"line":79,"column":4},"end":{"line":79,"column":37}},"11":{"start":{"line":80,"column":4},"end":{"line":80,"column":37}},"12":{"start":{"line":81,"column":4},"end":{"line":81,"column":45}},"13":{"start":{"line":82,"column":4},"end":{"line":82,"column":45}},"14":{"start":{"line":83,"column":4},"end":{"line":83,"column":45}},"15":{"start":{"line":84,"column":4},"end":{"line":84,"column":45}},"16":{"start":{"line":87,"column":4},"end":{"line":87,"column":51}},"17":{"start":{"line":88,"column":4},"end":{"line":88,"column":51}},"18":{"start":{"line":89,"column":4},"end":{"line":89,"column":51}},"19":{"start":{"line":90,"column":4},"end":{"line":90,"column":42}},"20":{"start":{"line":91,"column":4},"end":{"line":91,"column":46}},"21":{"start":{"line":92,"column":4},"end":{"line":92,"column":47}},"22":{"start":{"line":95,"column":4},"end":{"line":95,"column":38}},"23":{"start":{"line":96,"column":4},"end":{"line":96,"column":38}},"24":{"start":{"line":97,"column":4},"end":{"line":97,"column":38}},"25":{"start":{"line":100,"column":4},"end":{"line":100,"column":3439}},"26":{"start":{"line":101,"column":8},"end":{"line":101,"column":48}},"27":{"start":{"line":102,"column":4},"end":{"line":102,"column":67}},"28":{"start":{"line":102,"column":25},"end":{"line":102,"column":65}},"29":{"start":{"line":103,"column":4},"end":{"line":103,"column":67}},"30":{"start":{"line":103,"column":25},"end":{"line":103,"column":65}},"31":{"start":{"line":104,"column":4},"end":{"line":104,"column":3664}},"32":{"start":{"line":105,"column":8},"end":{"line":105,"column":48}},"33":{"start":{"line":106,"column":4},"end":{"line":106,"column":3758}},"34":{"start":{"line":107,"column":8},"end":{"line":107,"column":48}},"35":{"start":{"line":108,"column":4},"end":{"line":108,"column":3861}},"36":{"start":{"line":109,"column":8},"end":{"line":109,"column":48}},"37":{"start":{"line":111,"column":4},"end":{"line":111,"column":3966}},"38":{"start":{"line":113,"column":6},"end":{"line":113,"column":4081}},"39":{"start":{"line":114,"column":10},"end":{"line":114,"column":50}},"40":{"start":{"line":116,"column":6},"end":{"line":116,"column":42}},"41":{"start":{"line":122,"column":6},"end":{"line":122,"column":46}},"42":{"start":{"line":125,"column":4},"end":{"line":125,"column":58}},"43":{"start":{"line":128,"column":4},"end":{"line":128,"column":4696}},"44":{"start":{"line":130,"column":6},"end":{"line":130,"column":4812}},"45":{"start":{"line":131,"column":10},"end":{"line":131,"column":50}},"46":{"start":{"line":140,"column":6},"end":{"line":140,"column":46}},"47":{"start":{"line":143,"column":4},"end":{"line":143,"column":58}},"48":{"start":{"line":144,"column":4},"end":{"line":144,"column":61}},"49":{"start":{"line":147,"column":4},"end":{"line":147,"column":5621}},"50":{"start":{"line":148,"column":6},"end":{"line":148,"column":5706}},"51":{"start":{"line":149,"column":10},"end":{"line":149,"column":50}},"52":{"start":{"line":150,"column":6},"end":{"line":150,"column":5750}},"53":{"start":{"line":153,"column":8},"end":{"line":153,"column":48}},"54":{"start":{"line":156,"column":6},"end":{"line":156,"column":46}},"55":{"start":{"line":159,"column":4},"end":{"line":159,"column":44}},"56":{"start":{"line":165,"column":4},"end":{"line":165,"column":24}}},"branchMap":{"1":{"line":95,"type":"if","locations":[{"start":{"line":95,"column":4},"end":{"line":95,"column":4}},{"start":{"line":95,"column":4},"end":{"line":95,"column":4}}]},"2":{"line":96,"type":"if","locations":[{"start":{"line":96,"column":4},"end":{"line":96,"column":4}},{"start":{"line":96,"column":4},"end":{"line":96,"column":4}}]},"3":{"line":97,"type":"if","locations":[{"start":{"line":97,"column":4},"end":{"line":97,"column":4}},{"start":{"line":97,"column":4},"end":{"line":97,"column":4}}]},"4":{"line":100,"type":"if","locations":[{"start":{"line":100,"column":4},"end":{"line":100,"column":4}},{"start":{"line":100,"column":4},"end":{"line":100,"column":4}}]},"5":{"line":102,"type":"if","locations":[{"start":{"line":102,"column":4},"end":{"line":102,"column":4}},{"start":{"line":102,"column":4},"end":{"line":102,"column":4}}]},"6":{"line":103,"type":"if","locations":[{"start":{"line":103,"column":4},"end":{"line":103,"column":4}},{"start":{"line":103,"column":4},"end":{"line":103,"column":4}}]},"7":{"line":104,"type":"if","locations":[{"start":{"line":104,"column":4},"end":{"line":104,"column":4}},{"start":{"line":104,"column":4},"end":{"line":104,"column":4}}]},"8":{"line":106,"type":"if","locations":[{"start":{"line":106,"column":4},"end":{"line":106,"column":4}},{"start":{"line":106,"column":4},"end":{"line":106,"column":4}}]},"9":{"line":108,"type":"if","locations":[{"start":{"line":108,"column":4},"end":{"line":108,"column":4}},{"start":{"line":108,"column":4},"end":{"line":108,"column":4}}]},"10":{"line":111,"type":"if","locations":[{"start":{"line":111,"column":4},"end":{"line":111,"column":4}},{"start":{"line":111,"column":4},"end":{"line":111,"column":4}}]},"11":{"line":113,"type":"if","locations":[{"start":{"line":113,"column":6},"end":{"line":113,"column":6}},{"start":{"line":113,"column":6},"end":{"line":113,"column":6}}]},"12":{"line":128,"type":"if","locations":[{"start":{"line":128,"column":4},"end":{"line":128,"column":4}},{"start":{"line":128,"column":4},"end":{"line":128,"column":4}}]},"13":{"line":130,"type":"if","locations":[{"start":{"line":130,"column":6},"end":{"line":130,"column":6}},{"start":{"line":130,"column":6},"end":{"line":130,"column":6}}]},"14":{"line":147,"type":"if","locations":[{"start":{"line":147,"column":4},"end":{"line":147,"column":4}},{"start":{"line":147,"column":4},"end":{"line":147,"column":4}}]},"15":{"line":148,"type":"if","locations":[{"start":{"line":148,"column":6},"end":{"line":148,"column":6}},{"start":{"line":148,"column":6},"end":{"line":148,"column":6}}]},"16":{"line":150,"type":"if","locations":[{"start":{"line":150,"column":6},"end":{"line":150,"column":6}},{"start":{"line":150,"column":6},"end":{"line":150,"column":6}}]}}},"contracts/testAuxiliaries/MMInstantiatorTestAux.sol":{"l":{"6":11,"9":15,"13":8,"14":136,"15":136,"16":136,"17":136,"19":136,"26":8},"path":"/home/fargento/Cartesi/contracts/contracts/testAuxiliaries/MMInstantiatorTestAux.sol","s":{"1":11,"2":15,"3":8,"4":136,"5":136,"6":136,"7":8},"b":{},"f":{"1":3,"2":11,"3":15,"4":8,"5":8},"fnMap":{"1":{"name":null,"line":4,"loc":{"start":{"line":4,"column":4},"end":{"line":4,"column":22}}},"2":{"name":"setState","line":5,"loc":{"start":{"line":5,"column":4},"end":{"line":5,"column":53}}},"3":{"name":"setHistoryPointerAtIndex","line":8,"loc":{"start":{"line":8,"column":4},"end":{"line":8,"column":68}}},"4":{"name":"setHistoryAtIndex","line":12,"loc":{"start":{"line":12,"column":4},"end":{"line":12,"column":118}}},"5":{"name":"readWrapper","line":25,"loc":{"start":{"line":25,"column":4},"end":{"line":25,"column":58}}}},"statementMap":{"1":{"start":{"line":6,"column":6},"end":{"line":6,"column":43}},"2":{"start":{"line":9,"column":6},"end":{"line":9,"column":45}},"3":{"start":{"line":13,"column":6},"end":{"line":13,"column":512}},"4":{"start":{"line":15,"column":8},"end":{"line":15,"column":48}},"5":{"start":{"line":16,"column":8},"end":{"line":16,"column":51}},"6":{"start":{"line":17,"column":8},"end":{"line":17,"column":45}},"7":{"start":{"line":26,"column":6},"end":{"line":26,"column":26}}},"branchMap":{}},"contracts/testAuxiliaries/MMSimpleMemory.sol":{"l":{},"path":"/home/fargento/Cartesi/contracts/contracts/testAuxiliaries/MMSimpleMemory.sol","s":{},"b":{},"f":{"1":0,"2":0,"3":0,"4":0},"fnMap":{"1":{"name":"isEmpty","line":6,"loc":{"start":{"line":6,"column":2},"end":{"line":6,"column":19}}},"2":{"name":"hashWord","line":7,"loc":{"start":{"line":7,"column":2},"end":{"line":7,"column":20}}},"3":{"name":"toHex","line":8,"loc":{"start":{"line":8,"column":2},"end":{"line":8,"column":17}}},"4":{"name":null,"line":9,"loc":{"start":{"line":9,"column":2},"end":{"line":9,"column":14}}}},"statementMap":{},"branchMap":{}},"contracts/VGInstantiator.sol":{"l":{"90":0,"91":0,"92":0,"101":0,"102":0,"103":0,"104":0,"105":0,"106":0,"107":0,"108":0,"109":0,"110":0,"111":0,"112":0,"113":0,"114":0,"115":0,"116":0,"120":0,"121":0,"132":0,"133":0,"134":0,"135":0,"143":0,"144":0,"145":0,"146":0,"153":0,"154":0,"156":0,"158":0,"159":0,"166":0,"167":0,"169":0,"171":0,"172":0,"181":0,"182":0,"183":0,"191":0,"192":0,"193":0,"194":0,"195":0,"204":0,"205":0,"206":0,"208":0,"210":0,"222":0,"223":0,"225":0,"226":0,"227":0,"229":0,"231":0,"236":0,"237":0,"238":0,"239":0,"250":0,"251":0,"252":0,"253":0,"254":0,"255":0,"256":0,"266":0,"267":0,"273":0,"275":0,"276":0,"277":0,"283":0,"285":0,"286":0,"287":0,"293":0,"294":0,"295":0,"296":0,"297":0,"298":0,"299":0,"300":0,"301":0,"303":0,"304":0,"305":0,"313":0,"318":0,"323":0,"328":0,"333":0},"path":"/home/fargento/Cartesi/contracts/contracts/VGInstantiator.sol","s":{"1":0,"2":0,"3":0,"4":0,"5":0,"6":0,"7":0,"8":0,"9":0,"10":0,"11":0,"12":0,"13":0,"14":0,"15":0,"16":0,"17":0,"18":0,"19":0,"20":0,"21":0,"22":0,"23":0,"24":0,"25":0,"26":0,"27":0,"28":0,"29":0,"30":0,"31":0,"32":0,"33":0,"34":0,"35":0,"36":0,"37":0,"38":0,"39":0,"40":0,"41":0,"42":0,"43":0,"44":0,"45":0,"46":0,"47":0,"48":0,"49":0,"50":0,"51":0,"52":0,"53":0,"54":0,"55":0,"56":0,"57":0,"58":0,"59":0,"60":0,"61":0,"62":0,"63":0,"64":0,"65":0,"66":0,"67":0,"68":0,"69":0,"70":0,"71":0,"72":0,"73":0,"74":0,"75":0,"76":0,"77":0,"78":0,"79":0,"80":0,"81":0},"b":{"1":[0,0],"2":[0,0],"3":[0,0],"4":[0,0],"5":[0,0],"6":[0,0],"7":[0,0],"8":[0,0],"9":[0,0],"10":[0,0],"11":[0,0],"12":[0,0],"13":[0,0],"14":[0,0],"15":[0,0],"16":[0,0],"17":[0,0],"18":[0,0],"19":[0,0],"20":[0,0],"21":[0,0],"22":[0,0],"23":[0,0],"24":[0,0]},"f":{"1":0,"2":0,"3":0,"4":0,"5":0,"6":0,"7":0,"8":0,"9":0,"10":0,"11":0,"12":0,"13":0,"14":0,"15":0,"16":0,"17":0,"18":0,"19":0},"fnMap":{"1":{"name":null,"line":87,"loc":{"start":{"line":87,"column":2},"end":{"line":89,"column":54}}},"2":{"name":"instantiate","line":95,"loc":{"start":{"line":95,"column":2},"end":{"line":100,"column":3}}},"3":{"name":"setChallengerPrice","line":127,"loc":{"start":{"line":127,"column":2},"end":{"line":131,"column":3}}},"4":{"name":"setClaimerPrice","line":138,"loc":{"start":{"line":138,"column":2},"end":{"line":142,"column":3}}},"5":{"name":"buyInstanceFromChallenger","line":150,"loc":{"start":{"line":150,"column":2},"end":{"line":152,"column":3}}},"6":{"name":"buyInstanceFromClaimer","line":163,"loc":{"start":{"line":163,"column":2},"end":{"line":165,"column":3}}},"7":{"name":"finishSalePhase","line":177,"loc":{"start":{"line":177,"column":2},"end":{"line":180,"column":3}}},"8":{"name":"winByPartitionTimeout","line":201,"loc":{"start":{"line":201,"column":2},"end":{"line":203,"column":3}}},"9":{"name":"startMachineRunChallenge","line":219,"loc":{"start":{"line":219,"column":2},"end":{"line":221,"column":3}}},"10":{"name":"settleVerificationGame","line":246,"loc":{"start":{"line":246,"column":2},"end":{"line":249,"column":3}}},"11":{"name":"claimVictoryByDeadline","line":261,"loc":{"start":{"line":261,"column":2},"end":{"line":265,"column":3}}},"12":{"name":"challengerWins","line":270,"loc":{"start":{"line":270,"column":2},"end":{"line":272,"column":3}}},"13":{"name":"claimerWins","line":280,"loc":{"start":{"line":280,"column":2},"end":{"line":282,"column":3}}},"14":{"name":"clearInstance","line":290,"loc":{"start":{"line":290,"column":2},"end":{"line":292,"column":3}}},"15":{"name":"stateIsWaitSale","line":310,"loc":{"start":{"line":310,"column":2},"end":{"line":313,"column":3}}},"16":{"name":"stateIsWaitPartition","line":315,"loc":{"start":{"line":315,"column":2},"end":{"line":318,"column":3}}},"17":{"name":"stateIsWaitMemoryProveValues","line":320,"loc":{"start":{"line":320,"column":2},"end":{"line":323,"column":3}}},"18":{"name":"stateIsFinishedClaimerWon","line":325,"loc":{"start":{"line":325,"column":2},"end":{"line":328,"column":3}}},"19":{"name":"stateIsFinishedChallengerWon","line":330,"loc":{"start":{"line":330,"column":2},"end":{"line":333,"column":3}}}},"statementMap":{"1":{"start":{"line":90,"column":4},"end":{"line":90,"column":47}},"2":{"start":{"line":91,"column":4},"end":{"line":91,"column":64}},"3":{"start":{"line":92,"column":4},"end":{"line":92,"column":43}},"4":{"start":{"line":101,"column":4},"end":{"line":101,"column":76}},"5":{"start":{"line":102,"column":4},"end":{"line":102,"column":26}},"6":{"start":{"line":103,"column":4},"end":{"line":103,"column":50}},"7":{"start":{"line":104,"column":4},"end":{"line":104,"column":44}},"8":{"start":{"line":105,"column":4},"end":{"line":105,"column":46}},"9":{"start":{"line":106,"column":4},"end":{"line":106,"column":56}},"10":{"start":{"line":107,"column":4},"end":{"line":107,"column":53}},"11":{"start":{"line":108,"column":4},"end":{"line":108,"column":56}},"12":{"start":{"line":109,"column":4},"end":{"line":109,"column":56}},"13":{"start":{"line":110,"column":4},"end":{"line":110,"column":69}},"14":{"start":{"line":111,"column":4},"end":{"line":111,"column":52}},"15":{"start":{"line":112,"column":4},"end":{"line":112,"column":62}},"16":{"start":{"line":113,"column":4},"end":{"line":113,"column":48}},"17":{"start":{"line":114,"column":4},"end":{"line":114,"column":46}},"18":{"start":{"line":115,"column":4},"end":{"line":115,"column":55}},"19":{"start":{"line":116,"column":4},"end":{"line":116,"column":5460}},"20":{"start":{"line":121,"column":4},"end":{"line":121,"column":28}},"21":{"start":{"line":132,"column":4},"end":{"line":132,"column":59}},"22":{"start":{"line":133,"column":4},"end":{"line":133,"column":78}},"23":{"start":{"line":134,"column":4},"end":{"line":134,"column":50}},"24":{"start":{"line":135,"column":4},"end":{"line":135,"column":55}},"25":{"start":{"line":143,"column":4},"end":{"line":143,"column":59}},"26":{"start":{"line":144,"column":4},"end":{"line":144,"column":78}},"27":{"start":{"line":145,"column":4},"end":{"line":145,"column":47}},"28":{"start":{"line":146,"column":4},"end":{"line":146,"column":56}},"29":{"start":{"line":153,"column":4},"end":{"line":153,"column":59}},"30":{"start":{"line":154,"column":4},"end":{"line":154,"column":7124}},"31":{"start":{"line":156,"column":4},"end":{"line":156,"column":7264}},"32":{"start":{"line":158,"column":4},"end":{"line":158,"column":43}},"33":{"start":{"line":159,"column":4},"end":{"line":159,"column":66}},"34":{"start":{"line":166,"column":4},"end":{"line":166,"column":59}},"35":{"start":{"line":167,"column":4},"end":{"line":167,"column":7750}},"36":{"start":{"line":169,"column":4},"end":{"line":169,"column":7887}},"37":{"start":{"line":171,"column":4},"end":{"line":171,"column":40}},"38":{"start":{"line":172,"column":4},"end":{"line":172,"column":63}},"39":{"start":{"line":181,"column":4},"end":{"line":181,"column":59}},"40":{"start":{"line":182,"column":4},"end":{"line":182,"column":40}},"41":{"start":{"line":183,"column":4},"end":{"line":183,"column":8479}},"42":{"start":{"line":194,"column":4},"end":{"line":194,"column":54}},"43":{"start":{"line":195,"column":4},"end":{"line":195,"column":67}},"44":{"start":{"line":204,"column":4},"end":{"line":204,"column":64}},"45":{"start":{"line":205,"column":4},"end":{"line":205,"column":62}},"46":{"start":{"line":206,"column":4},"end":{"line":206,"column":9553}},"47":{"start":{"line":207,"column":8},"end":{"line":207,"column":29}},"48":{"start":{"line":207,"column":32},"end":{"line":207,"column":38}},"49":{"start":{"line":208,"column":4},"end":{"line":208,"column":9648}},"50":{"start":{"line":209,"column":8},"end":{"line":209,"column":26}},"51":{"start":{"line":209,"column":29},"end":{"line":209,"column":35}},"52":{"start":{"line":210,"column":4},"end":{"line":210,"column":17}},"53":{"start":{"line":222,"column":4},"end":{"line":222,"column":64}},"54":{"start":{"line":223,"column":4},"end":{"line":223,"column":10355}},"55":{"start":{"line":225,"column":4},"end":{"line":225,"column":62}},"56":{"start":{"line":226,"column":4},"end":{"line":226,"column":65}},"57":{"start":{"line":227,"column":4},"end":{"line":227,"column":10570}},"58":{"start":{"line":229,"column":4},"end":{"line":229,"column":10676}},"59":{"start":{"line":231,"column":4},"end":{"line":231,"column":10778}},"60":{"start":{"line":237,"column":4},"end":{"line":237,"column":40}},"61":{"start":{"line":238,"column":4},"end":{"line":238,"column":62}},"62":{"start":{"line":239,"column":4},"end":{"line":239,"column":70}},"63":{"start":{"line":250,"column":4},"end":{"line":250,"column":72}},"64":{"start":{"line":251,"column":4},"end":{"line":251,"column":48}},"65":{"start":{"line":252,"column":4},"end":{"line":252,"column":44}},"66":{"start":{"line":254,"column":4},"end":{"line":254,"column":45}},"67":{"start":{"line":255,"column":4},"end":{"line":255,"column":71}},"68":{"start":{"line":256,"column":4},"end":{"line":256,"column":25}},"69":{"start":{"line":266,"column":4},"end":{"line":266,"column":72}},"70":{"start":{"line":267,"column":4},"end":{"line":267,"column":22}},"71":{"start":{"line":275,"column":6},"end":{"line":275,"column":26}},"72":{"start":{"line":276,"column":6},"end":{"line":276,"column":64}},"73":{"start":{"line":277,"column":6},"end":{"line":277,"column":52}},"74":{"start":{"line":285,"column":6},"end":{"line":285,"column":26}},"75":{"start":{"line":286,"column":6},"end":{"line":286,"column":61}},"76":{"start":{"line":287,"column":6},"end":{"line":287,"column":52}},"77":{"start":{"line":313,"column":4},"end":{"line":313,"column":58}},"78":{"start":{"line":318,"column":4},"end":{"line":318,"column":63}},"79":{"start":{"line":323,"column":4},"end":{"line":323,"column":71}},"80":{"start":{"line":328,"column":4},"end":{"line":328,"column":68}},"81":{"start":{"line":333,"column":4},"end":{"line":333,"column":68}}},"branchMap":{"1":{"line":101,"type":"if","locations":[{"start":{"line":101,"column":4},"end":{"line":101,"column":4}},{"start":{"line":101,"column":4},"end":{"line":101,"column":4}}]},"2":{"line":102,"type":"if","locations":[{"start":{"line":102,"column":4},"end":{"line":102,"column":4}},{"start":{"line":102,"column":4},"end":{"line":102,"column":4}}]},"3":{"line":132,"type":"if","locations":[{"start":{"line":132,"column":4},"end":{"line":132,"column":4}},{"start":{"line":132,"column":4},"end":{"line":132,"column":4}}]},"4":{"line":133,"type":"if","locations":[{"start":{"line":133,"column":4},"end":{"line":133,"column":4}},{"start":{"line":133,"column":4},"end":{"line":133,"column":4}}]},"5":{"line":143,"type":"if","locations":[{"start":{"line":143,"column":4},"end":{"line":143,"column":4}},{"start":{"line":143,"column":4},"end":{"line":143,"column":4}}]},"6":{"line":144,"type":"if","locations":[{"start":{"line":144,"column":4},"end":{"line":144,"column":4}},{"start":{"line":144,"column":4},"end":{"line":144,"column":4}}]},"7":{"line":153,"type":"if","locations":[{"start":{"line":153,"column":4},"end":{"line":153,"column":4}},{"start":{"line":153,"column":4},"end":{"line":153,"column":4}}]},"8":{"line":154,"type":"if","locations":[{"start":{"line":154,"column":4},"end":{"line":154,"column":4}},{"start":{"line":154,"column":4},"end":{"line":154,"column":4}}]},"9":{"line":156,"type":"if","locations":[{"start":{"line":156,"column":4},"end":{"line":156,"column":4}},{"start":{"line":156,"column":4},"end":{"line":156,"column":4}}]},"10":{"line":166,"type":"if","locations":[{"start":{"line":166,"column":4},"end":{"line":166,"column":4}},{"start":{"line":166,"column":4},"end":{"line":166,"column":4}}]},"11":{"line":167,"type":"if","locations":[{"start":{"line":167,"column":4},"end":{"line":167,"column":4}},{"start":{"line":167,"column":4},"end":{"line":167,"column":4}}]},"12":{"line":169,"type":"if","locations":[{"start":{"line":169,"column":4},"end":{"line":169,"column":4}},{"start":{"line":169,"column":4},"end":{"line":169,"column":4}}]},"13":{"line":181,"type":"if","locations":[{"start":{"line":181,"column":4},"end":{"line":181,"column":4}},{"start":{"line":181,"column":4},"end":{"line":181,"column":4}}]},"14":{"line":204,"type":"if","locations":[{"start":{"line":204,"column":4},"end":{"line":204,"column":4}},{"start":{"line":204,"column":4},"end":{"line":204,"column":4}}]},"15":{"line":206,"type":"if","locations":[{"start":{"line":206,"column":4},"end":{"line":206,"column":4}},{"start":{"line":206,"column":4},"end":{"line":206,"column":4}}]},"16":{"line":208,"type":"if","locations":[{"start":{"line":208,"column":4},"end":{"line":208,"column":4}},{"start":{"line":208,"column":4},"end":{"line":208,"column":4}}]},"17":{"line":210,"type":"if","locations":[{"start":{"line":210,"column":4},"end":{"line":210,"column":4}},{"start":{"line":210,"column":4},"end":{"line":210,"column":4}}]},"18":{"line":222,"type":"if","locations":[{"start":{"line":222,"column":4},"end":{"line":222,"column":4}},{"start":{"line":222,"column":4},"end":{"line":222,"column":4}}]},"19":{"line":223,"type":"if","locations":[{"start":{"line":223,"column":4},"end":{"line":223,"column":4}},{"start":{"line":223,"column":4},"end":{"line":223,"column":4}}]},"20":{"line":250,"type":"if","locations":[{"start":{"line":250,"column":4},"end":{"line":250,"column":4}},{"start":{"line":250,"column":4},"end":{"line":250,"column":4}}]},"21":{"line":252,"type":"if","locations":[{"start":{"line":252,"column":4},"end":{"line":252,"column":4}},{"start":{"line":252,"column":4},"end":{"line":252,"column":4}}]},"22":{"line":254,"type":"if","locations":[{"start":{"line":254,"column":4},"end":{"line":254,"column":4}},{"start":{"line":254,"column":4},"end":{"line":254,"column":4}}]},"23":{"line":255,"type":"if","locations":[{"start":{"line":255,"column":4},"end":{"line":255,"column":4}},{"start":{"line":255,"column":4},"end":{"line":255,"column":4}}]},"24":{"line":266,"type":"if","locations":[{"start":{"line":266,"column":4},"end":{"line":266,"column":4}},{"start":{"line":266,"column":4},"end":{"line":266,"column":4}}]}}}}