{"contracts/Decorated.sol":{"l":{},"path":"/home/augusto/contracts/contracts/Decorated.sol","s":{"1":220,"2":0},"b":{"1":[130,90],"2":[0,0]},"f":{"1":220,"2":0},"fnMap":{"1":{"name":"onlyBy","line":6,"loc":{"start":{"line":6,"column":2},"end":{"line":6,"column":31}}},"2":{"name":"onlyAfter","line":8,"loc":{"start":{"line":8,"column":2},"end":{"line":8,"column":31}}}},"statementMap":{"1":{"start":{"line":6,"column":34},"end":{"line":6,"column":60}},"2":{"start":{"line":8,"column":34},"end":{"line":8,"column":52}}},"branchMap":{"1":{"line":6,"type":"if","locations":[{"start":{"line":6,"column":34},"end":{"line":6,"column":34}},{"start":{"line":6,"column":34},"end":{"line":6,"column":34}}]},"2":{"line":8,"type":"if","locations":[{"start":{"line":8,"column":34},"end":{"line":8,"column":34}},{"start":{"line":8,"column":34},"end":{"line":8,"column":34}}]}}},"contracts/DepthInterface.sol":{"l":{"20":0,"24":0,"28":0,"32":0,"36":0,"40":0,"44":0,"48":0,"52":0,"56":0,"60":0,"69":3,"75":0,"80":0,"87":0,"93":0},"path":"/home/augusto/contracts/contracts/DepthInterface.sol","s":{"1":0,"2":0,"3":0,"4":0,"5":0,"6":0,"7":0,"8":0,"9":0,"10":0,"11":0,"12":0},"b":{},"f":{"1":0,"2":0,"3":0,"4":0,"5":0,"6":0,"7":0,"8":0,"9":0,"10":0,"11":0,"12":3,"13":0,"14":0,"15":0,"16":0},"fnMap":{"1":{"name":"challenger","line":19,"loc":{"start":{"line":19,"column":2},"end":{"line":19,"column":53}}},"2":{"name":"claimer","line":23,"loc":{"start":{"line":23,"column":2},"end":{"line":23,"column":50}}},"3":{"name":"timeOfLastMove","line":27,"loc":{"start":{"line":27,"column":2},"end":{"line":27,"column":54}}},"4":{"name":"roundDuration","line":31,"loc":{"start":{"line":31,"column":2},"end":{"line":31,"column":53}}},"5":{"name":"claimerCurrentHash","line":35,"loc":{"start":{"line":35,"column":2},"end":{"line":35,"column":61}}},"6":{"name":"claimerLeftChildHash","line":39,"loc":{"start":{"line":39,"column":2},"end":{"line":39,"column":63}}},"7":{"name":"claimerRightChildHash","line":43,"loc":{"start":{"line":43,"column":2},"end":{"line":43,"column":64}}},"8":{"name":"currentDepth","line":47,"loc":{"start":{"line":47,"column":2},"end":{"line":47,"column":53}}},"9":{"name":"currentAddress","line":51,"loc":{"start":{"line":51,"column":2},"end":{"line":51,"column":56}}},"10":{"name":"controvesialPhraseOfClaimer","line":55,"loc":{"start":{"line":55,"column":2},"end":{"line":55,"column":70}}},"11":{"name":"currentState","line":59,"loc":{"start":{"line":59,"column":2},"end":{"line":59,"column":62}}},"12":{"name":null,"line":65,"loc":{"start":{"line":65,"column":2},"end":{"line":68,"column":3}}},"13":{"name":"replyQuery","line":73,"loc":{"start":{"line":73,"column":2},"end":{"line":74,"column":3}}},"14":{"name":"makeQuery","line":78,"loc":{"start":{"line":78,"column":2},"end":{"line":79,"column":3}}},"15":{"name":"postControversialPhrase","line":83,"loc":{"start":{"line":83,"column":2},"end":{"line":86,"column":3}}},"16":{"name":"claimVictoryByTime","line":90,"loc":{"start":{"line":90,"column":2},"end":{"line":92,"column":3}}}},"statementMap":{"1":{"start":{"line":20,"column":4},"end":{"line":20,"column":27}},"2":{"start":{"line":24,"column":4},"end":{"line":24,"column":24}},"3":{"start":{"line":28,"column":4},"end":{"line":28,"column":31}},"4":{"start":{"line":32,"column":4},"end":{"line":32,"column":30}},"5":{"start":{"line":36,"column":4},"end":{"line":36,"column":35}},"6":{"start":{"line":40,"column":4},"end":{"line":40,"column":37}},"7":{"start":{"line":44,"column":4},"end":{"line":44,"column":38}},"8":{"start":{"line":48,"column":4},"end":{"line":48,"column":29}},"9":{"start":{"line":52,"column":4},"end":{"line":52,"column":31}},"10":{"start":{"line":56,"column":4},"end":{"line":56,"column":45}},"11":{"start":{"line":60,"column":4},"end":{"line":60,"column":29}},"12":{"start":{"line":87,"column":4},"end":{"line":87,"column":68}}},"branchMap":{}},"contracts/DepthLib.sol":{"l":{"59":3,"60":3,"61":3,"62":3,"63":3,"64":3,"65":3,"66":3,"67":3,"68":3,"78":0,"79":0,"80":0,"81":0,"82":0,"83":0,"84":0,"85":0,"96":0,"97":0,"98":0,"99":0,"101":0,"102":0,"106":0,"107":0,"108":0,"109":0,"111":0,"113":0,"114":0,"126":0,"127":0,"128":0,"129":0,"130":0,"131":0,"132":0,"133":0,"134":0,"135":0,"136":0,"137":0,"138":0,"139":0,"140":0,"141":0,"143":0,"148":0,"151":0,"152":0,"153":0,"155":0,"158":0,"159":0,"160":0,"162":0,"165":0,"166":0,"167":0,"169":0},"path":"/home/augusto/contracts/contracts/DepthLib.sol","s":{"1":3,"2":3,"3":3,"4":3,"5":3,"6":3,"7":3,"8":3,"9":3,"10":3,"11":0,"12":0,"13":0,"14":0,"15":0,"16":0,"17":0,"18":0,"19":0,"20":0,"21":0,"22":0,"23":0,"24":0,"25":0,"26":0,"27":0,"28":0,"29":0,"30":0,"31":0,"32":0,"33":0,"34":0,"35":0,"36":0,"37":0,"38":0,"39":0,"40":0,"41":0,"42":0,"43":0,"44":0,"45":0,"46":0,"47":0,"48":0,"49":0,"50":0,"51":0,"52":0,"53":0,"54":0,"55":0,"56":0,"57":0,"58":0,"59":0,"60":0,"61":0},"b":{"1":[3,0],"2":[0,0],"3":[0,0],"4":[0,0],"5":[0,0],"6":[0,0],"7":[0,0],"8":[0,0],"9":[0,0],"10":[0,0],"11":[0,0],"12":[0,0],"13":[0,0],"14":[0,0],"15":[0,0],"16":[0,0],"17":[0,0]},"f":{"1":3,"2":0,"3":0,"4":0,"5":0},"fnMap":{"1":{"name":"init","line":55,"loc":{"start":{"line":55,"column":2},"end":{"line":58,"column":3}}},"2":{"name":"replyQuery","line":75,"loc":{"start":{"line":75,"column":2},"end":{"line":77,"column":3}}},"3":{"name":"makeQuery","line":93,"loc":{"start":{"line":93,"column":2},"end":{"line":95,"column":3}}},"4":{"name":"postControversialPhrase","line":122,"loc":{"start":{"line":122,"column":2},"end":{"line":125,"column":3}}},"5":{"name":"claimVictoryByTime","line":147,"loc":{"start":{"line":147,"column":2},"end":{"line":147,"column":59}}}},"statementMap":{"1":{"start":{"line":59,"column":4},"end":{"line":59,"column":35}},"2":{"start":{"line":60,"column":4},"end":{"line":60,"column":32}},"3":{"start":{"line":61,"column":4},"end":{"line":61,"column":26}},"4":{"start":{"line":62,"column":4},"end":{"line":62,"column":47}},"5":{"start":{"line":63,"column":4},"end":{"line":63,"column":24}},"6":{"start":{"line":64,"column":4},"end":{"line":64,"column":26}},"7":{"start":{"line":65,"column":4},"end":{"line":65,"column":38}},"8":{"start":{"line":66,"column":4},"end":{"line":66,"column":28}},"9":{"start":{"line":67,"column":4},"end":{"line":67,"column":42}},"10":{"start":{"line":68,"column":4},"end":{"line":68,"column":60}},"11":{"start":{"line":78,"column":4},"end":{"line":78,"column":38}},"12":{"start":{"line":79,"column":4},"end":{"line":79,"column":52}},"13":{"start":{"line":80,"column":4},"end":{"line":80,"column":69}},"14":{"start":{"line":81,"column":4},"end":{"line":81,"column":39}},"15":{"start":{"line":82,"column":4},"end":{"line":82,"column":41}},"16":{"start":{"line":83,"column":4},"end":{"line":83,"column":28}},"17":{"start":{"line":84,"column":4},"end":{"line":84,"column":41}},"18":{"start":{"line":85,"column":4},"end":{"line":85,"column":42}},"19":{"start":{"line":96,"column":4},"end":{"line":96,"column":41}},"20":{"start":{"line":97,"column":4},"end":{"line":97,"column":51}},"21":{"start":{"line":98,"column":4},"end":{"line":98,"column":3556}},"22":{"start":{"line":99,"column":6},"end":{"line":99,"column":56}},"23":{"start":{"line":101,"column":6},"end":{"line":101,"column":57}},"24":{"start":{"line":102,"column":6},"end":{"line":102,"column":3764}},"25":{"start":{"line":106,"column":4},"end":{"line":106,"column":52}},"26":{"start":{"line":107,"column":4},"end":{"line":107,"column":44}},"27":{"start":{"line":108,"column":4},"end":{"line":108,"column":3982}},"28":{"start":{"line":109,"column":6},"end":{"line":109,"column":57}},"29":{"start":{"line":111,"column":6},"end":{"line":111,"column":44}},"30":{"start":{"line":113,"column":4},"end":{"line":113,"column":28}},"31":{"start":{"line":114,"column":4},"end":{"line":114,"column":60}},"32":{"start":{"line":126,"column":4},"end":{"line":126,"column":38}},"33":{"start":{"line":127,"column":4},"end":{"line":127,"column":65}},"34":{"start":{"line":128,"column":4},"end":{"line":128,"column":35}},"35":{"start":{"line":129,"column":4},"end":{"line":129,"column":39}},"36":{"start":{"line":130,"column":4},"end":{"line":130,"column":39}},"37":{"start":{"line":131,"column":4},"end":{"line":131,"column":39}},"38":{"start":{"line":132,"column":4},"end":{"line":132,"column":39}},"39":{"start":{"line":133,"column":4},"end":{"line":133,"column":55}},"40":{"start":{"line":134,"column":4},"end":{"line":134,"column":55}},"41":{"start":{"line":135,"column":4},"end":{"line":135,"column":72}},"42":{"start":{"line":136,"column":4},"end":{"line":136,"column":53}},"43":{"start":{"line":137,"column":4},"end":{"line":137,"column":60}},"44":{"start":{"line":138,"column":4},"end":{"line":138,"column":61}},"45":{"start":{"line":139,"column":4},"end":{"line":139,"column":61}},"46":{"start":{"line":140,"column":4},"end":{"line":140,"column":53}},"47":{"start":{"line":141,"column":4},"end":{"line":141,"column":5571}},"48":{"start":{"line":143,"column":4},"end":{"line":143,"column":49}},"49":{"start":{"line":148,"column":4},"end":{"line":148,"column":5801}},"50":{"start":{"line":151,"column":6},"end":{"line":151,"column":41}},"51":{"start":{"line":152,"column":6},"end":{"line":152,"column":51}},"52":{"start":{"line":153,"column":6},"end":{"line":153,"column":12}},"53":{"start":{"line":155,"column":4},"end":{"line":155,"column":6071}},"54":{"start":{"line":158,"column":6},"end":{"line":158,"column":44}},"55":{"start":{"line":159,"column":6},"end":{"line":159,"column":51}},"56":{"start":{"line":160,"column":6},"end":{"line":160,"column":12}},"57":{"start":{"line":162,"column":4},"end":{"line":162,"column":6348}},"58":{"start":{"line":165,"column":6},"end":{"line":165,"column":44}},"59":{"start":{"line":166,"column":6},"end":{"line":166,"column":51}},"60":{"start":{"line":167,"column":6},"end":{"line":167,"column":12}},"61":{"start":{"line":169,"column":4},"end":{"line":169,"column":17}}},"branchMap":{"1":{"line":59,"type":"if","locations":[{"start":{"line":59,"column":4},"end":{"line":59,"column":4}},{"start":{"line":59,"column":4},"end":{"line":59,"column":4}}]},"2":{"line":78,"type":"if","locations":[{"start":{"line":78,"column":4},"end":{"line":78,"column":4}},{"start":{"line":78,"column":4},"end":{"line":78,"column":4}}]},"3":{"line":79,"type":"if","locations":[{"start":{"line":79,"column":4},"end":{"line":79,"column":4}},{"start":{"line":79,"column":4},"end":{"line":79,"column":4}}]},"4":{"line":80,"type":"if","locations":[{"start":{"line":80,"column":4},"end":{"line":80,"column":4}},{"start":{"line":80,"column":4},"end":{"line":80,"column":4}}]},"5":{"line":96,"type":"if","locations":[{"start":{"line":96,"column":4},"end":{"line":96,"column":4}},{"start":{"line":96,"column":4},"end":{"line":96,"column":4}}]},"6":{"line":97,"type":"if","locations":[{"start":{"line":97,"column":4},"end":{"line":97,"column":4}},{"start":{"line":97,"column":4},"end":{"line":97,"column":4}}]},"7":{"line":98,"type":"if","locations":[{"start":{"line":98,"column":4},"end":{"line":98,"column":4}},{"start":{"line":98,"column":4},"end":{"line":98,"column":4}}]},"8":{"line":106,"type":"if","locations":[{"start":{"line":106,"column":4},"end":{"line":106,"column":4}},{"start":{"line":106,"column":4},"end":{"line":106,"column":4}}]},"9":{"line":108,"type":"if","locations":[{"start":{"line":108,"column":4},"end":{"line":108,"column":4}},{"start":{"line":108,"column":4},"end":{"line":108,"column":4}}]},"10":{"line":126,"type":"if","locations":[{"start":{"line":126,"column":4},"end":{"line":126,"column":4}},{"start":{"line":126,"column":4},"end":{"line":126,"column":4}}]},"11":{"line":127,"type":"if","locations":[{"start":{"line":127,"column":4},"end":{"line":127,"column":4}},{"start":{"line":127,"column":4},"end":{"line":127,"column":4}}]},"12":{"line":128,"type":"if","locations":[{"start":{"line":128,"column":4},"end":{"line":128,"column":4}},{"start":{"line":128,"column":4},"end":{"line":128,"column":4}}]},"13":{"line":135,"type":"if","locations":[{"start":{"line":135,"column":4},"end":{"line":135,"column":4}},{"start":{"line":135,"column":4},"end":{"line":135,"column":4}}]},"14":{"line":148,"type":"if","locations":[{"start":{"line":148,"column":4},"end":{"line":148,"column":4}},{"start":{"line":148,"column":4},"end":{"line":148,"column":4}}]},"15":{"line":155,"type":"if","locations":[{"start":{"line":155,"column":4},"end":{"line":155,"column":4}},{"start":{"line":155,"column":4},"end":{"line":155,"column":4}}]},"16":{"line":162,"type":"if","locations":[{"start":{"line":162,"column":4},"end":{"line":162,"column":4}},{"start":{"line":162,"column":4},"end":{"line":162,"column":4}}]},"17":{"line":169,"type":"if","locations":[{"start":{"line":169,"column":4},"end":{"line":169,"column":4}},{"start":{"line":169,"column":4},"end":{"line":169,"column":4}}]}}},"contracts/lib/bokkypoobah/Token.sol":{"l":{"25":0,"26":0,"28":0,"29":0,"30":0,"40":0,"47":0,"48":0,"55":0,"56":0,"57":0,"95":2,"96":2,"97":2,"98":2,"99":2,"100":2,"108":0,"116":0,"126":0,"127":0,"128":0,"129":0,"142":0,"143":0,"144":0,"158":0,"159":0,"160":0,"161":0,"162":0,"171":0,"178":0},"path":"/home/augusto/contracts/contracts/lib/bokkypoobah/Token.sol","s":{"1":0,"2":0,"3":0,"4":0,"5":0,"6":0,"7":0,"8":0,"9":0,"10":0,"11":0,"12":2,"13":2,"14":2,"15":2,"16":2,"17":2,"18":0,"19":0,"20":0,"21":0,"22":0,"23":0,"24":0,"25":0,"26":0,"27":0,"28":0,"29":0,"30":0,"31":0,"32":0,"33":0},"b":{"1":[0,0],"2":[0,0],"3":[0,0],"4":[0,0]},"f":{"1":0,"2":0,"3":0,"4":0,"5":2,"6":0,"7":0,"8":0,"9":0,"10":0,"11":0,"12":0},"fnMap":{"1":{"name":"mul","line":24,"loc":{"start":{"line":24,"column":2},"end":{"line":24,"column":70}}},"2":{"name":"div","line":36,"loc":{"start":{"line":36,"column":2},"end":{"line":36,"column":68}}},"3":{"name":"sub","line":46,"loc":{"start":{"line":46,"column":2},"end":{"line":46,"column":68}}},"4":{"name":"add","line":54,"loc":{"start":{"line":54,"column":2},"end":{"line":54,"column":70}}},"5":{"name":null,"line":94,"loc":{"start":{"line":94,"column":2},"end":{"line":94,"column":22}}},"6":{"name":"totalSupply","line":107,"loc":{"start":{"line":107,"column":2},"end":{"line":107,"column":55}}},"7":{"name":"balanceOf","line":115,"loc":{"start":{"line":115,"column":2},"end":{"line":115,"column":79}}},"8":{"name":"transfer","line":125,"loc":{"start":{"line":125,"column":2},"end":{"line":125,"column":74}}},"9":{"name":"approve","line":141,"loc":{"start":{"line":141,"column":2},"end":{"line":141,"column":78}}},"10":{"name":"transferFrom","line":157,"loc":{"start":{"line":157,"column":2},"end":{"line":157,"column":92}}},"11":{"name":"allowance","line":170,"loc":{"start":{"line":170,"column":2},"end":{"line":170,"column":98}}},"12":{"name":null,"line":177,"loc":{"start":{"line":177,"column":2},"end":{"line":177,"column":28}}}},"statementMap":{"1":{"start":{"line":25,"column":4},"end":{"line":25,"column":665}},"2":{"start":{"line":26,"column":6},"end":{"line":26,"column":14}},"3":{"start":{"line":28,"column":4},"end":{"line":28,"column":12}},"4":{"start":{"line":29,"column":4},"end":{"line":29,"column":21}},"5":{"start":{"line":30,"column":4},"end":{"line":30,"column":12}},"6":{"start":{"line":40,"column":4},"end":{"line":40,"column":16}},"7":{"start":{"line":47,"column":4},"end":{"line":47,"column":17}},"8":{"start":{"line":48,"column":4},"end":{"line":48,"column":16}},"9":{"start":{"line":55,"column":4},"end":{"line":55,"column":12}},"10":{"start":{"line":56,"column":4},"end":{"line":56,"column":17}},"11":{"start":{"line":57,"column":4},"end":{"line":57,"column":12}},"12":{"start":{"line":95,"column":4},"end":{"line":95,"column":17}},"13":{"start":{"line":96,"column":4},"end":{"line":96,"column":30}},"14":{"start":{"line":97,"column":4},"end":{"line":97,"column":16}},"15":{"start":{"line":98,"column":4},"end":{"line":98,"column":49}},"16":{"start":{"line":99,"column":4},"end":{"line":99,"column":38}},"17":{"start":{"line":100,"column":4},"end":{"line":100,"column":55}},"18":{"start":{"line":108,"column":4},"end":{"line":108,"column":47}},"19":{"start":{"line":116,"column":4},"end":{"line":116,"column":31}},"20":{"start":{"line":126,"column":4},"end":{"line":126,"column":58}},"21":{"start":{"line":127,"column":4},"end":{"line":127,"column":42}},"22":{"start":{"line":128,"column":4},"end":{"line":128,"column":41}},"23":{"start":{"line":129,"column":4},"end":{"line":129,"column":15}},"24":{"start":{"line":142,"column":4},"end":{"line":142,"column":40}},"25":{"start":{"line":143,"column":4},"end":{"line":143,"column":46}},"26":{"start":{"line":144,"column":4},"end":{"line":144,"column":15}},"27":{"start":{"line":158,"column":4},"end":{"line":158,"column":46}},"28":{"start":{"line":159,"column":4},"end":{"line":159,"column":68}},"29":{"start":{"line":160,"column":4},"end":{"line":160,"column":42}},"30":{"start":{"line":161,"column":4},"end":{"line":161,"column":35}},"31":{"start":{"line":162,"column":4},"end":{"line":162,"column":15}},"32":{"start":{"line":171,"column":4},"end":{"line":171,"column":39}},"33":{"start":{"line":178,"column":4},"end":{"line":178,"column":11}}},"branchMap":{"1":{"line":25,"type":"if","locations":[{"start":{"line":25,"column":4},"end":{"line":25,"column":4}},{"start":{"line":25,"column":4},"end":{"line":25,"column":4}}]},"2":{"line":29,"type":"if","locations":[{"start":{"line":29,"column":4},"end":{"line":29,"column":4}},{"start":{"line":29,"column":4},"end":{"line":29,"column":4}}]},"3":{"line":47,"type":"if","locations":[{"start":{"line":47,"column":4},"end":{"line":47,"column":4}},{"start":{"line":47,"column":4},"end":{"line":47,"column":4}}]},"4":{"line":56,"type":"if","locations":[{"start":{"line":56,"column":4},"end":{"line":56,"column":4}},{"start":{"line":56,"column":4},"end":{"line":56,"column":4}}]}}},"contracts/MachineInterface.sol":{"l":{},"path":"/home/augusto/contracts/contracts/MachineInterface.sol","s":{},"b":{},"f":{},"fnMap":{},"statementMap":{},"branchMap":{}},"contracts/Merkle.sol":{"l":{"8":15,"9":14,"10":14,"12":14,"13":14,"14":854,"15":748,"17":106,"20":14},"path":"/home/augusto/contracts/contracts/Merkle.sol","s":{"1":15,"2":14,"3":14,"4":14,"5":14,"6":854,"7":748,"8":106,"9":14},"b":{"1":[14,1],"2":[14,0],"3":[748,106]},"f":{"1":15},"fnMap":{"1":{"name":"getRoot","line":5,"loc":{"start":{"line":5,"column":2},"end":{"line":7,"column":3}}}},"statementMap":{"1":{"start":{"line":8,"column":4},"end":{"line":8,"column":32}},"2":{"start":{"line":9,"column":4},"end":{"line":9,"column":30}},"3":{"start":{"line":10,"column":4},"end":{"line":10,"column":42}},"4":{"start":{"line":12,"column":4},"end":{"line":12,"column":19}},"5":{"start":{"line":13,"column":4},"end":{"line":13,"column":398}},"6":{"start":{"line":14,"column":6},"end":{"line":14,"column":438}},"7":{"start":{"line":15,"column":8},"end":{"line":15,"column":53}},"8":{"start":{"line":17,"column":8},"end":{"line":17,"column":53}},"9":{"start":{"line":20,"column":4},"end":{"line":20,"column":24}}},"branchMap":{"1":{"line":8,"type":"if","locations":[{"start":{"line":8,"column":4},"end":{"line":8,"column":4}},{"start":{"line":8,"column":4},"end":{"line":8,"column":4}}]},"2":{"line":9,"type":"if","locations":[{"start":{"line":9,"column":4},"end":{"line":9,"column":4}},{"start":{"line":9,"column":4},"end":{"line":9,"column":4}}]},"3":{"line":14,"type":"if","locations":[{"start":{"line":14,"column":6},"end":{"line":14,"column":6}},{"start":{"line":14,"column":6},"end":{"line":14,"column":6}}]}}},"contracts/MMInstantiator.sol":{"l":{"46":1,"47":1,"48":1,"49":1,"50":1,"51":1,"52":1,"53":1,"54":1,"55":1,"66":7,"67":7,"69":6,"70":6,"83":4,"85":4,"88":4,"90":4,"92":4,"99":1,"100":1,"101":1,"111":6,"112":6,"113":6,"114":6,"115":6,"116":6,"117":6,"118":6,"119":6,"120":6,"129":4,"130":4,"131":4,"132":4,"133":4,"134":4,"135":4,"136":4,"137":4,"144":1,"145":1,"146":1,"147":1,"148":1,"149":1,"154":0,"158":0,"162":0,"166":5,"172":2},"path":"/home/augusto/contracts/contracts/MMInstantiator.sol","s":{"1":1,"2":1,"3":1,"4":1,"5":1,"6":1,"7":1,"8":1,"9":1,"10":7,"11":7,"12":6,"13":4,"14":4,"15":4,"16":4,"17":1,"18":1,"19":1,"20":6,"21":6,"22":6,"23":6,"24":6,"25":6,"26":6,"27":6,"28":4,"29":4,"30":4,"31":4,"32":4,"33":4,"34":4,"35":1,"36":1,"37":1,"38":1,"39":0,"40":0,"41":0,"42":5,"43":2},"b":{"1":[1,0],"2":[7,0],"3":[6,1],"4":[4,0],"5":[4,0],"6":[1,0],"7":[6,0],"8":[6,0],"9":[6,0],"10":[6,0],"11":[4,0],"12":[4,0],"13":[4,0],"14":[4,0],"15":[4,0],"16":[1,0],"17":[1,0]},"f":{"1":1,"2":7,"3":4,"4":1,"5":6,"6":4,"7":1,"8":0,"9":0,"10":0,"11":5,"12":2},"fnMap":{"1":{"name":"instantiate","line":43,"loc":{"start":{"line":43,"column":2},"end":{"line":45,"column":3}}},"2":{"name":"proveRead","line":62,"loc":{"start":{"line":62,"column":2},"end":{"line":65,"column":3}}},"3":{"name":"proveWrite","line":78,"loc":{"start":{"line":78,"column":2},"end":{"line":82,"column":3}}},"4":{"name":"finishProofPhase","line":96,"loc":{"start":{"line":96,"column":2},"end":{"line":98,"column":3}}},"5":{"name":"read","line":107,"loc":{"start":{"line":107,"column":2},"end":{"line":110,"column":3}}},"6":{"name":"write","line":126,"loc":{"start":{"line":126,"column":2},"end":{"line":128,"column":3}}},"7":{"name":"finishReplayPhase","line":141,"loc":{"start":{"line":141,"column":2},"end":{"line":143,"column":3}}},"8":{"name":"provider","line":153,"loc":{"start":{"line":153,"column":2},"end":{"line":153,"column":64}}},"9":{"name":"client","line":157,"loc":{"start":{"line":157,"column":2},"end":{"line":157,"column":62}}},"10":{"name":"initialHash","line":161,"loc":{"start":{"line":161,"column":2},"end":{"line":161,"column":67}}},"11":{"name":"newHash","line":165,"loc":{"start":{"line":165,"column":2},"end":{"line":165,"column":63}}},"12":{"name":"currentState","line":169,"loc":{"start":{"line":169,"column":2},"end":{"line":171,"column":3}}}},"statementMap":{"1":{"start":{"line":46,"column":4},"end":{"line":46,"column":32}},"2":{"start":{"line":47,"column":4},"end":{"line":47,"column":46}},"3":{"start":{"line":48,"column":4},"end":{"line":48,"column":42}},"4":{"start":{"line":49,"column":4},"end":{"line":49,"column":52}},"5":{"start":{"line":50,"column":4},"end":{"line":50,"column":48}},"6":{"start":{"line":51,"column":4},"end":{"line":51,"column":44}},"7":{"start":{"line":52,"column":4},"end":{"line":52,"column":60}},"8":{"start":{"line":53,"column":4},"end":{"line":53,"column":50}},"9":{"start":{"line":55,"column":4},"end":{"line":55,"column":28}},"10":{"start":{"line":66,"column":4},"end":{"line":66,"column":64}},"11":{"start":{"line":67,"column":4},"end":{"line":67,"column":2435}},"12":{"start":{"line":70,"column":4},"end":{"line":70,"column":53}},"13":{"start":{"line":83,"column":4},"end":{"line":83,"column":64}},"14":{"start":{"line":85,"column":4},"end":{"line":85,"column":3191}},"15":{"start":{"line":88,"column":4},"end":{"line":88,"column":3317}},"16":{"start":{"line":92,"column":4},"end":{"line":92,"column":57}},"17":{"start":{"line":99,"column":4},"end":{"line":99,"column":64}},"18":{"start":{"line":100,"column":4},"end":{"line":100,"column":54}},"19":{"start":{"line":101,"column":4},"end":{"line":101,"column":31}},"20":{"start":{"line":111,"column":4},"end":{"line":111,"column":64}},"21":{"start":{"line":112,"column":4},"end":{"line":112,"column":32}},"22":{"start":{"line":113,"column":4},"end":{"line":113,"column":49}},"23":{"start":{"line":114,"column":4},"end":{"line":114,"column":53}},"24":{"start":{"line":115,"column":4},"end":{"line":115,"column":67}},"25":{"start":{"line":116,"column":4},"end":{"line":116,"column":57}},"26":{"start":{"line":119,"column":4},"end":{"line":119,"column":44}},"27":{"start":{"line":120,"column":4},"end":{"line":120,"column":16}},"28":{"start":{"line":129,"column":4},"end":{"line":129,"column":64}},"29":{"start":{"line":130,"column":4},"end":{"line":130,"column":32}},"30":{"start":{"line":131,"column":4},"end":{"line":131,"column":49}},"31":{"start":{"line":132,"column":4},"end":{"line":132,"column":54}},"32":{"start":{"line":133,"column":4},"end":{"line":133,"column":67}},"33":{"start":{"line":134,"column":4},"end":{"line":134,"column":61}},"34":{"start":{"line":137,"column":4},"end":{"line":137,"column":48}},"35":{"start":{"line":144,"column":4},"end":{"line":144,"column":64}},"36":{"start":{"line":145,"column":4},"end":{"line":145,"column":78}},"37":{"start":{"line":148,"column":4},"end":{"line":148,"column":55}},"38":{"start":{"line":149,"column":4},"end":{"line":149,"column":31}},"39":{"start":{"line":154,"column":4},"end":{"line":154,"column":36}},"40":{"start":{"line":158,"column":4},"end":{"line":158,"column":34}},"41":{"start":{"line":162,"column":4},"end":{"line":162,"column":39}},"42":{"start":{"line":166,"column":4},"end":{"line":166,"column":35}},"43":{"start":{"line":172,"column":4},"end":{"line":172,"column":40}}},"branchMap":{"1":{"line":46,"type":"if","locations":[{"start":{"line":46,"column":4},"end":{"line":46,"column":4}},{"start":{"line":46,"column":4},"end":{"line":46,"column":4}}]},"2":{"line":66,"type":"if","locations":[{"start":{"line":66,"column":4},"end":{"line":66,"column":4}},{"start":{"line":66,"column":4},"end":{"line":66,"column":4}}]},"3":{"line":67,"type":"if","locations":[{"start":{"line":67,"column":4},"end":{"line":67,"column":4}},{"start":{"line":67,"column":4},"end":{"line":67,"column":4}}]},"4":{"line":83,"type":"if","locations":[{"start":{"line":83,"column":4},"end":{"line":83,"column":4}},{"start":{"line":83,"column":4},"end":{"line":83,"column":4}}]},"5":{"line":85,"type":"if","locations":[{"start":{"line":85,"column":4},"end":{"line":85,"column":4}},{"start":{"line":85,"column":4},"end":{"line":85,"column":4}}]},"6":{"line":99,"type":"if","locations":[{"start":{"line":99,"column":4},"end":{"line":99,"column":4}},{"start":{"line":99,"column":4},"end":{"line":99,"column":4}}]},"7":{"line":111,"type":"if","locations":[{"start":{"line":111,"column":4},"end":{"line":111,"column":4}},{"start":{"line":111,"column":4},"end":{"line":111,"column":4}}]},"8":{"line":112,"type":"if","locations":[{"start":{"line":112,"column":4},"end":{"line":112,"column":4}},{"start":{"line":112,"column":4},"end":{"line":112,"column":4}}]},"9":{"line":114,"type":"if","locations":[{"start":{"line":114,"column":4},"end":{"line":114,"column":4}},{"start":{"line":114,"column":4},"end":{"line":114,"column":4}}]},"10":{"line":115,"type":"if","locations":[{"start":{"line":115,"column":4},"end":{"line":115,"column":4}},{"start":{"line":115,"column":4},"end":{"line":115,"column":4}}]},"11":{"line":129,"type":"if","locations":[{"start":{"line":129,"column":4},"end":{"line":129,"column":4}},{"start":{"line":129,"column":4},"end":{"line":129,"column":4}}]},"12":{"line":130,"type":"if","locations":[{"start":{"line":130,"column":4},"end":{"line":130,"column":4}},{"start":{"line":130,"column":4},"end":{"line":130,"column":4}}]},"13":{"line":132,"type":"if","locations":[{"start":{"line":132,"column":4},"end":{"line":132,"column":4}},{"start":{"line":132,"column":4},"end":{"line":132,"column":4}}]},"14":{"line":133,"type":"if","locations":[{"start":{"line":133,"column":4},"end":{"line":133,"column":4}},{"start":{"line":133,"column":4},"end":{"line":133,"column":4}}]},"15":{"line":134,"type":"if","locations":[{"start":{"line":134,"column":4},"end":{"line":134,"column":4}},{"start":{"line":134,"column":4},"end":{"line":134,"column":4}}]},"16":{"line":144,"type":"if","locations":[{"start":{"line":144,"column":4},"end":{"line":144,"column":4}},{"start":{"line":144,"column":4},"end":{"line":144,"column":4}}]},"17":{"line":145,"type":"if","locations":[{"start":{"line":145,"column":4},"end":{"line":145,"column":4}},{"start":{"line":145,"column":4},"end":{"line":145,"column":4}}]}}},"contracts/MMInterface.sol":{"l":{},"path":"/home/augusto/contracts/contracts/MMInterface.sol","s":{},"b":{},"f":{},"fnMap":{},"statementMap":{},"branchMap":{}},"contracts/PartitionInstantiator.sol":{"l":{"66":3,"67":3,"68":3,"69":3,"70":3,"71":3,"72":3,"73":3,"74":3,"75":3,"76":3,"77":3,"79":3,"80":9,"83":3,"84":3,"85":3,"86":3,"87":3,"88":3,"89":3,"90":3,"97":17,"98":17,"99":17,"102":17,"103":1,"104":2,"105":2,"107":0,"114":16,"115":16,"116":32,"119":17,"131":50,"132":16,"133":16,"134":16,"136":48,"138":48,"139":16,"140":16,"143":16,"144":16,"145":16,"159":35,"160":14,"162":14,"163":14,"166":14,"167":14,"168":14,"169":14,"170":14,"176":89,"179":1,"180":1,"181":1,"183":88,"186":1,"187":1,"188":1,"190":87,"201":22,"202":22,"203":22,"204":1,"205":1,"206":1,"207":1,"215":0,"219":0,"223":0,"227":0,"231":0,"235":0,"239":57,"243":0,"247":0,"253":36,"257":0},"path":"/home/augusto/contracts/contracts/PartitionInstantiator.sol","s":{"1":3,"2":3,"3":3,"4":3,"5":3,"6":3,"7":3,"8":3,"9":3,"10":3,"11":3,"12":3,"13":3,"14":3,"15":3,"16":3,"17":3,"18":3,"19":3,"20":3,"21":17,"22":17,"23":17,"24":1,"25":2,"26":2,"27":0,"28":16,"29":16,"30":32,"31":17,"32":50,"33":16,"34":16,"35":16,"36":48,"37":48,"38":16,"39":16,"40":16,"41":16,"42":16,"43":35,"44":14,"45":14,"46":14,"47":14,"48":14,"49":14,"50":14,"51":14,"52":89,"53":1,"54":1,"55":1,"56":88,"57":1,"58":1,"59":1,"60":87,"61":22,"62":22,"63":22,"64":1,"65":1,"66":1,"67":1,"68":0,"69":0,"70":0,"71":0,"72":0,"73":0,"74":57,"75":0,"76":0,"77":36,"78":0},"b":{"1":[3,0],"2":[3,0],"3":[3,0],"4":[3,0],"5":[17,0],"6":[1,16],"7":[2,0],"8":[16,34],"9":[16,0],"10":[16,0],"11":[48,0],"12":[16,32],"13":[14,21],"14":[14,0],"15":[14,0],"16":[14,0],"17":[14,0],"18":[1,88],"19":[1,87],"20":[0,87],"21":[22,0],"22":[22,0],"23":[1,21]},"f":{"1":3,"2":17,"3":50,"4":35,"5":89,"6":22,"7":0,"8":0,"9":0,"10":0,"11":0,"12":0,"13":57,"14":0,"15":0,"16":36,"17":0},"fnMap":{"1":{"name":"instantiate","line":60,"loc":{"start":{"line":60,"column":2},"end":{"line":65,"column":3}}},"2":{"name":"slice","line":95,"loc":{"start":{"line":95,"column":2},"end":{"line":96,"column":3}}},"3":{"name":"replyQuery","line":127,"loc":{"start":{"line":127,"column":2},"end":{"line":130,"column":3}}},"4":{"name":"makeQuery","line":155,"loc":{"start":{"line":155,"column":2},"end":{"line":158,"column":3}}},"5":{"name":"claimVictoryByTime","line":174,"loc":{"start":{"line":174,"column":2},"end":{"line":175,"column":3}}},"6":{"name":"presentDivergence","line":198,"loc":{"start":{"line":198,"column":2},"end":{"line":200,"column":3}}},"7":{"name":"challenger","line":214,"loc":{"start":{"line":214,"column":2},"end":{"line":214,"column":66}}},"8":{"name":"claimer","line":218,"loc":{"start":{"line":218,"column":2},"end":{"line":218,"column":63}}},"9":{"name":"finalTime","line":222,"loc":{"start":{"line":222,"column":2},"end":{"line":222,"column":62}}},"10":{"name":"timeSubmitted","line":226,"loc":{"start":{"line":226,"column":2},"end":{"line":226,"column":76}}},"11":{"name":"timeHash","line":230,"loc":{"start":{"line":230,"column":2},"end":{"line":230,"column":74}}},"12":{"name":"querySize","line":234,"loc":{"start":{"line":234,"column":2},"end":{"line":234,"column":62}}},"13":{"name":"queryArray","line":238,"loc":{"start":{"line":238,"column":2},"end":{"line":238,"column":71}}},"14":{"name":"timeOfLastMove","line":242,"loc":{"start":{"line":242,"column":2},"end":{"line":242,"column":67}}},"15":{"name":"roundDuration","line":246,"loc":{"start":{"line":246,"column":2},"end":{"line":246,"column":66}}},"16":{"name":"currentState","line":250,"loc":{"start":{"line":250,"column":2},"end":{"line":252,"column":3}}},"17":{"name":"divergenceTime","line":256,"loc":{"start":{"line":256,"column":2},"end":{"line":256,"column":67}}}},"statementMap":{"1":{"start":{"line":66,"column":4},"end":{"line":66,"column":35}},"2":{"start":{"line":67,"column":4},"end":{"line":67,"column":26}},"3":{"start":{"line":68,"column":4},"end":{"line":68,"column":26}},"4":{"start":{"line":69,"column":4},"end":{"line":69,"column":28}},"5":{"start":{"line":70,"column":4},"end":{"line":70,"column":50}},"6":{"start":{"line":71,"column":4},"end":{"line":71,"column":44}},"7":{"start":{"line":72,"column":4},"end":{"line":72,"column":48}},"8":{"start":{"line":73,"column":4},"end":{"line":73,"column":49}},"9":{"start":{"line":74,"column":4},"end":{"line":74,"column":58}},"10":{"start":{"line":75,"column":4},"end":{"line":75,"column":52}},"11":{"start":{"line":76,"column":4},"end":{"line":76,"column":66}},"12":{"start":{"line":77,"column":4},"end":{"line":77,"column":48}},"13":{"start":{"line":79,"column":4},"end":{"line":79,"column":2955}},"14":{"start":{"line":83,"column":4},"end":{"line":83,"column":59}},"15":{"start":{"line":84,"column":4},"end":{"line":84,"column":56}},"16":{"start":{"line":85,"column":4},"end":{"line":85,"column":46}},"17":{"start":{"line":86,"column":4},"end":{"line":86,"column":60}},"18":{"start":{"line":87,"column":4},"end":{"line":87,"column":39}},"19":{"start":{"line":88,"column":4},"end":{"line":88,"column":69}},"20":{"start":{"line":90,"column":4},"end":{"line":90,"column":28}},"21":{"start":{"line":97,"column":4},"end":{"line":97,"column":34}},"22":{"start":{"line":99,"column":4},"end":{"line":99,"column":47}},"23":{"start":{"line":102,"column":4},"end":{"line":102,"column":3975}},"24":{"start":{"line":103,"column":6},"end":{"line":103,"column":4044}},"25":{"start":{"line":104,"column":8},"end":{"line":104,"column":4109}},"26":{"start":{"line":105,"column":10},"end":{"line":105,"column":55}},"27":{"start":{"line":107,"column":10},"end":{"line":107,"column":52}},"28":{"start":{"line":114,"column":6},"end":{"line":114,"column":76}},"29":{"start":{"line":115,"column":6},"end":{"line":115,"column":4617}},"30":{"start":{"line":116,"column":8},"end":{"line":116,"column":70}},"31":{"start":{"line":119,"column":4},"end":{"line":119,"column":75}},"32":{"start":{"line":131,"column":4},"end":{"line":131,"column":64}},"33":{"start":{"line":132,"column":4},"end":{"line":132,"column":60}},"34":{"start":{"line":133,"column":4},"end":{"line":133,"column":61}},"35":{"start":{"line":134,"column":4},"end":{"line":134,"column":5459}},"36":{"start":{"line":136,"column":6},"end":{"line":136,"column":62}},"37":{"start":{"line":138,"column":6},"end":{"line":138,"column":5683}},"38":{"start":{"line":139,"column":8},"end":{"line":139,"column":60}},"39":{"start":{"line":140,"column":8},"end":{"line":140,"column":66}},"40":{"start":{"line":143,"column":4},"end":{"line":143,"column":53}},"41":{"start":{"line":144,"column":4},"end":{"line":144,"column":40}},"42":{"start":{"line":145,"column":4},"end":{"line":145,"column":56}},"43":{"start":{"line":159,"column":4},"end":{"line":159,"column":63}},"44":{"start":{"line":160,"column":4},"end":{"line":160,"column":55}},"45":{"start":{"line":162,"column":4},"end":{"line":162,"column":64}},"46":{"start":{"line":163,"column":4},"end":{"line":163,"column":69}},"47":{"start":{"line":166,"column":4},"end":{"line":166,"column":38}},"48":{"start":{"line":167,"column":4},"end":{"line":167,"column":39}},"49":{"start":{"line":168,"column":4},"end":{"line":168,"column":54}},"50":{"start":{"line":169,"column":4},"end":{"line":169,"column":40}},"51":{"start":{"line":170,"column":4},"end":{"line":170,"column":57}},"52":{"start":{"line":176,"column":4},"end":{"line":176,"column":7440}},"53":{"start":{"line":179,"column":6},"end":{"line":179,"column":56}},"54":{"start":{"line":180,"column":6},"end":{"line":180,"column":71}},"55":{"start":{"line":181,"column":6},"end":{"line":181,"column":12}},"56":{"start":{"line":183,"column":4},"end":{"line":183,"column":7797}},"57":{"start":{"line":186,"column":6},"end":{"line":186,"column":53}},"58":{"start":{"line":187,"column":6},"end":{"line":187,"column":71}},"59":{"start":{"line":188,"column":6},"end":{"line":188,"column":12}},"60":{"start":{"line":190,"column":4},"end":{"line":190,"column":17}},"61":{"start":{"line":201,"column":4},"end":{"line":201,"column":56}},"62":{"start":{"line":202,"column":4},"end":{"line":202,"column":59}},"63":{"start":{"line":203,"column":4},"end":{"line":203,"column":63}},"64":{"start":{"line":204,"column":4},"end":{"line":204,"column":52}},"65":{"start":{"line":205,"column":4},"end":{"line":205,"column":56}},"66":{"start":{"line":206,"column":4},"end":{"line":206,"column":69}},"67":{"start":{"line":207,"column":4},"end":{"line":207,"column":9033}},"68":{"start":{"line":215,"column":4},"end":{"line":215,"column":38}},"69":{"start":{"line":219,"column":4},"end":{"line":219,"column":35}},"70":{"start":{"line":223,"column":4},"end":{"line":223,"column":37}},"71":{"start":{"line":227,"column":4},"end":{"line":227,"column":46}},"72":{"start":{"line":231,"column":4},"end":{"line":231,"column":41}},"73":{"start":{"line":235,"column":4},"end":{"line":235,"column":37}},"74":{"start":{"line":239,"column":4},"end":{"line":239,"column":41}},"75":{"start":{"line":243,"column":4},"end":{"line":243,"column":42}},"76":{"start":{"line":247,"column":4},"end":{"line":247,"column":41}},"77":{"start":{"line":253,"column":4},"end":{"line":253,"column":40}},"78":{"start":{"line":257,"column":4},"end":{"line":257,"column":42}}},"branchMap":{"1":{"line":66,"type":"if","locations":[{"start":{"line":66,"column":4},"end":{"line":66,"column":4}},{"start":{"line":66,"column":4},"end":{"line":66,"column":4}}]},"2":{"line":67,"type":"if","locations":[{"start":{"line":67,"column":4},"end":{"line":67,"column":4}},{"start":{"line":67,"column":4},"end":{"line":67,"column":4}}]},"3":{"line":68,"type":"if","locations":[{"start":{"line":68,"column":4},"end":{"line":68,"column":4}},{"start":{"line":68,"column":4},"end":{"line":68,"column":4}}]},"4":{"line":69,"type":"if","locations":[{"start":{"line":69,"column":4},"end":{"line":69,"column":4}},{"start":{"line":69,"column":4},"end":{"line":69,"column":4}}]},"5":{"line":97,"type":"if","locations":[{"start":{"line":97,"column":4},"end":{"line":97,"column":4}},{"start":{"line":97,"column":4},"end":{"line":97,"column":4}}]},"6":{"line":102,"type":"if","locations":[{"start":{"line":102,"column":4},"end":{"line":102,"column":4}},{"start":{"line":102,"column":4},"end":{"line":102,"column":4}}]},"7":{"line":104,"type":"if","locations":[{"start":{"line":104,"column":8},"end":{"line":104,"column":8}},{"start":{"line":104,"column":8},"end":{"line":104,"column":8}}]},"8":{"line":131,"type":"if","locations":[{"start":{"line":131,"column":4},"end":{"line":131,"column":4}},{"start":{"line":131,"column":4},"end":{"line":131,"column":4}}]},"9":{"line":132,"type":"if","locations":[{"start":{"line":132,"column":4},"end":{"line":132,"column":4}},{"start":{"line":132,"column":4},"end":{"line":132,"column":4}}]},"10":{"line":133,"type":"if","locations":[{"start":{"line":133,"column":4},"end":{"line":133,"column":4}},{"start":{"line":133,"column":4},"end":{"line":133,"column":4}}]},"11":{"line":136,"type":"if","locations":[{"start":{"line":136,"column":6},"end":{"line":136,"column":6}},{"start":{"line":136,"column":6},"end":{"line":136,"column":6}}]},"12":{"line":138,"type":"if","locations":[{"start":{"line":138,"column":6},"end":{"line":138,"column":6}},{"start":{"line":138,"column":6},"end":{"line":138,"column":6}}]},"13":{"line":159,"type":"if","locations":[{"start":{"line":159,"column":4},"end":{"line":159,"column":4}},{"start":{"line":159,"column":4},"end":{"line":159,"column":4}}]},"14":{"line":160,"type":"if","locations":[{"start":{"line":160,"column":4},"end":{"line":160,"column":4}},{"start":{"line":160,"column":4},"end":{"line":160,"column":4}}]},"15":{"line":162,"type":"if","locations":[{"start":{"line":162,"column":4},"end":{"line":162,"column":4}},{"start":{"line":162,"column":4},"end":{"line":162,"column":4}}]},"16":{"line":163,"type":"if","locations":[{"start":{"line":163,"column":4},"end":{"line":163,"column":4}},{"start":{"line":163,"column":4},"end":{"line":163,"column":4}}]},"17":{"line":166,"type":"if","locations":[{"start":{"line":166,"column":4},"end":{"line":166,"column":4}},{"start":{"line":166,"column":4},"end":{"line":166,"column":4}}]},"18":{"line":176,"type":"if","locations":[{"start":{"line":176,"column":4},"end":{"line":176,"column":4}},{"start":{"line":176,"column":4},"end":{"line":176,"column":4}}]},"19":{"line":183,"type":"if","locations":[{"start":{"line":183,"column":4},"end":{"line":183,"column":4}},{"start":{"line":183,"column":4},"end":{"line":183,"column":4}}]},"20":{"line":190,"type":"if","locations":[{"start":{"line":190,"column":4},"end":{"line":190,"column":4}},{"start":{"line":190,"column":4},"end":{"line":190,"column":4}}]},"21":{"line":201,"type":"if","locations":[{"start":{"line":201,"column":4},"end":{"line":201,"column":4}},{"start":{"line":201,"column":4},"end":{"line":201,"column":4}}]},"22":{"line":202,"type":"if","locations":[{"start":{"line":202,"column":4},"end":{"line":202,"column":4}},{"start":{"line":202,"column":4},"end":{"line":202,"column":4}}]},"23":{"line":203,"type":"if","locations":[{"start":{"line":203,"column":4},"end":{"line":203,"column":4}},{"start":{"line":203,"column":4},"end":{"line":203,"column":4}}]}}},"contracts/PartitionInterface.sol":{"l":{},"path":"/home/augusto/contracts/contracts/PartitionInterface.sol","s":{},"b":{},"f":{},"fnMap":{},"statementMap":{},"branchMap":{}},"contracts/SimpleMemoryInstantiator.sol":{"l":{"14":0,"15":0,"23":6,"24":6,"31":43,"32":42},"path":"/home/augusto/contracts/contracts/SimpleMemoryInstantiator.sol","s":{"1":0,"2":6,"3":6,"4":43,"5":42},"b":{"1":[6,0],"2":[42,1]},"f":{"1":0,"2":6,"3":43,"4":1,"5":1},"fnMap":{"1":{"name":"instantiate","line":13,"loc":{"start":{"line":13,"column":2},"end":{"line":13,"column":46}}},"2":{"name":"read","line":20,"loc":{"start":{"line":20,"column":2},"end":{"line":22,"column":3}}},"3":{"name":"write","line":30,"loc":{"start":{"line":30,"column":2},"end":{"line":30,"column":70}}},"4":{"name":"finishProofPhase","line":35,"loc":{"start":{"line":35,"column":2},"end":{"line":35,"column":47}}},"5":{"name":"finishReplayPhase","line":37,"loc":{"start":{"line":37,"column":2},"end":{"line":37,"column":48}}}},"statementMap":{"1":{"start":{"line":15,"column":4},"end":{"line":15,"column":28}},"2":{"start":{"line":23,"column":4},"end":{"line":23,"column":31}},"3":{"start":{"line":24,"column":4},"end":{"line":24,"column":43}},"4":{"start":{"line":31,"column":4},"end":{"line":31,"column":31}},"5":{"start":{"line":32,"column":4},"end":{"line":32,"column":44}}},"branchMap":{"1":{"line":23,"type":"if","locations":[{"start":{"line":23,"column":4},"end":{"line":23,"column":4}},{"start":{"line":23,"column":4},"end":{"line":23,"column":4}}]},"2":{"line":31,"type":"if","locations":[{"start":{"line":31,"column":4},"end":{"line":31,"column":4}},{"start":{"line":31,"column":4},"end":{"line":31,"column":4}}]}}},"contracts/Subleq.sol":{"l":{"42":0,"43":0,"44":0,"45":0,"73":0,"74":0,"75":0,"76":0,"77":0,"78":0,"79":0,"80":0,"81":0,"82":0,"83":0,"84":0,"87":0,"88":0,"89":0,"90":0,"91":0,"92":0,"95":0,"96":0,"97":0,"100":0,"101":0,"102":0,"103":0,"104":0,"105":0,"106":0,"107":0,"108":0,"109":0,"111":0,"113":0,"114":0,"116":0,"117":0,"119":0,"121":0,"122":0,"125":0,"128":0,"130":0,"131":0,"133":0,"135":0,"137":0,"140":0,"143":0,"144":0,"146":0,"147":0,"148":0,"149":0,"150":0,"152":0,"153":0,"155":0,"156":0,"158":0,"159":0,"165":0},"path":"/home/augusto/contracts/contracts/Subleq.sol","s":{"1":0,"2":0,"3":0,"4":0,"5":0,"6":0,"7":0,"8":0,"9":0,"10":0,"11":0,"12":0,"13":0,"14":0,"15":0,"16":0,"17":0,"18":0,"19":0,"20":0,"21":0,"22":0,"23":0,"24":0,"25":0,"26":0,"27":0,"28":0,"29":0,"30":0,"31":0,"32":0,"33":0,"34":0,"35":0,"36":0,"37":0,"38":0,"39":0,"40":0,"41":0,"42":0,"43":0,"44":0,"45":0,"46":0,"47":0,"48":0,"49":0,"50":0,"51":0,"52":0,"53":0,"54":0,"55":0,"56":0},"b":{"1":[0,0],"2":[0,0],"3":[0,0],"4":[0,0],"5":[0,0],"6":[0,0],"7":[0,0],"8":[0,0],"9":[0,0],"10":[0,0],"11":[0,0],"12":[0,0],"13":[0,0],"14":[0,0],"15":[0,0],"16":[0,0]},"f":{"1":3,"2":0,"3":0,"4":0},"fnMap":{"1":{"name":null,"line":38,"loc":{"start":{"line":38,"column":2},"end":{"line":38,"column":22}}},"2":{"name":"endStep","line":40,"loc":{"start":{"line":40,"column":2},"end":{"line":41,"column":30}}},"3":{"name":"step","line":50,"loc":{"start":{"line":50,"column":2},"end":{"line":52,"column":3}}},"4":{"name":"getAddress","line":163,"loc":{"start":{"line":163,"column":2},"end":{"line":164,"column":3}}}},"statementMap":{"1":{"start":{"line":42,"column":4},"end":{"line":42,"column":43}},"2":{"start":{"line":44,"column":4},"end":{"line":44,"column":29}},"3":{"start":{"line":45,"column":4},"end":{"line":45,"column":20}},"4":{"start":{"line":73,"column":4},"end":{"line":73,"column":43}},"5":{"start":{"line":74,"column":4},"end":{"line":74,"column":34}},"6":{"start":{"line":75,"column":4},"end":{"line":75,"column":34}},"7":{"start":{"line":76,"column":4},"end":{"line":76,"column":34}},"8":{"start":{"line":77,"column":4},"end":{"line":77,"column":34}},"9":{"start":{"line":78,"column":4},"end":{"line":78,"column":37}},"10":{"start":{"line":79,"column":4},"end":{"line":79,"column":37}},"11":{"start":{"line":80,"column":4},"end":{"line":80,"column":37}},"12":{"start":{"line":81,"column":4},"end":{"line":81,"column":45}},"13":{"start":{"line":82,"column":4},"end":{"line":82,"column":45}},"14":{"start":{"line":83,"column":4},"end":{"line":83,"column":45}},"15":{"start":{"line":84,"column":4},"end":{"line":84,"column":45}},"16":{"start":{"line":87,"column":4},"end":{"line":87,"column":51}},"17":{"start":{"line":88,"column":4},"end":{"line":88,"column":51}},"18":{"start":{"line":89,"column":4},"end":{"line":89,"column":51}},"19":{"start":{"line":90,"column":4},"end":{"line":90,"column":42}},"20":{"start":{"line":91,"column":4},"end":{"line":91,"column":46}},"21":{"start":{"line":92,"column":4},"end":{"line":92,"column":47}},"22":{"start":{"line":95,"column":4},"end":{"line":95,"column":38}},"23":{"start":{"line":96,"column":4},"end":{"line":96,"column":38}},"24":{"start":{"line":97,"column":4},"end":{"line":97,"column":38}},"25":{"start":{"line":100,"column":4},"end":{"line":100,"column":3435}},"26":{"start":{"line":101,"column":8},"end":{"line":101,"column":48}},"27":{"start":{"line":102,"column":4},"end":{"line":102,"column":67}},"28":{"start":{"line":102,"column":25},"end":{"line":102,"column":65}},"29":{"start":{"line":103,"column":4},"end":{"line":103,"column":67}},"30":{"start":{"line":103,"column":25},"end":{"line":103,"column":65}},"31":{"start":{"line":104,"column":4},"end":{"line":104,"column":3660}},"32":{"start":{"line":105,"column":8},"end":{"line":105,"column":48}},"33":{"start":{"line":106,"column":4},"end":{"line":106,"column":3754}},"34":{"start":{"line":107,"column":8},"end":{"line":107,"column":48}},"35":{"start":{"line":108,"column":4},"end":{"line":108,"column":3857}},"36":{"start":{"line":109,"column":8},"end":{"line":109,"column":48}},"37":{"start":{"line":111,"column":4},"end":{"line":111,"column":3962}},"38":{"start":{"line":113,"column":6},"end":{"line":113,"column":4077}},"39":{"start":{"line":114,"column":10},"end":{"line":114,"column":50}},"40":{"start":{"line":116,"column":6},"end":{"line":116,"column":42}},"41":{"start":{"line":122,"column":6},"end":{"line":122,"column":46}},"42":{"start":{"line":125,"column":4},"end":{"line":125,"column":58}},"43":{"start":{"line":128,"column":4},"end":{"line":128,"column":4692}},"44":{"start":{"line":130,"column":6},"end":{"line":130,"column":4808}},"45":{"start":{"line":131,"column":10},"end":{"line":131,"column":50}},"46":{"start":{"line":140,"column":6},"end":{"line":140,"column":46}},"47":{"start":{"line":143,"column":4},"end":{"line":143,"column":58}},"48":{"start":{"line":144,"column":4},"end":{"line":144,"column":61}},"49":{"start":{"line":147,"column":4},"end":{"line":147,"column":5617}},"50":{"start":{"line":148,"column":6},"end":{"line":148,"column":5702}},"51":{"start":{"line":149,"column":10},"end":{"line":149,"column":50}},"52":{"start":{"line":150,"column":6},"end":{"line":150,"column":5746}},"53":{"start":{"line":153,"column":8},"end":{"line":153,"column":48}},"54":{"start":{"line":156,"column":6},"end":{"line":156,"column":46}},"55":{"start":{"line":159,"column":4},"end":{"line":159,"column":44}},"56":{"start":{"line":165,"column":4},"end":{"line":165,"column":24}}},"branchMap":{"1":{"line":95,"type":"if","locations":[{"start":{"line":95,"column":4},"end":{"line":95,"column":4}},{"start":{"line":95,"column":4},"end":{"line":95,"column":4}}]},"2":{"line":96,"type":"if","locations":[{"start":{"line":96,"column":4},"end":{"line":96,"column":4}},{"start":{"line":96,"column":4},"end":{"line":96,"column":4}}]},"3":{"line":97,"type":"if","locations":[{"start":{"line":97,"column":4},"end":{"line":97,"column":4}},{"start":{"line":97,"column":4},"end":{"line":97,"column":4}}]},"4":{"line":100,"type":"if","locations":[{"start":{"line":100,"column":4},"end":{"line":100,"column":4}},{"start":{"line":100,"column":4},"end":{"line":100,"column":4}}]},"5":{"line":102,"type":"if","locations":[{"start":{"line":102,"column":4},"end":{"line":102,"column":4}},{"start":{"line":102,"column":4},"end":{"line":102,"column":4}}]},"6":{"line":103,"type":"if","locations":[{"start":{"line":103,"column":4},"end":{"line":103,"column":4}},{"start":{"line":103,"column":4},"end":{"line":103,"column":4}}]},"7":{"line":104,"type":"if","locations":[{"start":{"line":104,"column":4},"end":{"line":104,"column":4}},{"start":{"line":104,"column":4},"end":{"line":104,"column":4}}]},"8":{"line":106,"type":"if","locations":[{"start":{"line":106,"column":4},"end":{"line":106,"column":4}},{"start":{"line":106,"column":4},"end":{"line":106,"column":4}}]},"9":{"line":108,"type":"if","locations":[{"start":{"line":108,"column":4},"end":{"line":108,"column":4}},{"start":{"line":108,"column":4},"end":{"line":108,"column":4}}]},"10":{"line":111,"type":"if","locations":[{"start":{"line":111,"column":4},"end":{"line":111,"column":4}},{"start":{"line":111,"column":4},"end":{"line":111,"column":4}}]},"11":{"line":113,"type":"if","locations":[{"start":{"line":113,"column":6},"end":{"line":113,"column":6}},{"start":{"line":113,"column":6},"end":{"line":113,"column":6}}]},"12":{"line":128,"type":"if","locations":[{"start":{"line":128,"column":4},"end":{"line":128,"column":4}},{"start":{"line":128,"column":4},"end":{"line":128,"column":4}}]},"13":{"line":130,"type":"if","locations":[{"start":{"line":130,"column":6},"end":{"line":130,"column":6}},{"start":{"line":130,"column":6},"end":{"line":130,"column":6}}]},"14":{"line":147,"type":"if","locations":[{"start":{"line":147,"column":4},"end":{"line":147,"column":4}},{"start":{"line":147,"column":4},"end":{"line":147,"column":4}}]},"15":{"line":148,"type":"if","locations":[{"start":{"line":148,"column":6},"end":{"line":148,"column":6}},{"start":{"line":148,"column":6},"end":{"line":148,"column":6}}]},"16":{"line":150,"type":"if","locations":[{"start":{"line":150,"column":6},"end":{"line":150,"column":6}},{"start":{"line":150,"column":6},"end":{"line":150,"column":6}}]}}},"contracts/VGInstantiator.sol":{"l":{"91":0,"92":0,"93":0,"102":0,"103":0,"104":0,"105":0,"106":0,"107":0,"108":0,"109":0,"110":0,"111":0,"112":0,"113":0,"114":0,"115":0,"116":0,"117":0,"121":0,"122":0,"132":0,"133":0,"134":0,"135":0,"142":0,"143":0,"144":0,"145":0,"150":0,"151":0,"153":0,"155":0,"156":0,"161":0,"162":0,"164":0,"166":0,"167":0,"175":0,"176":0,"177":0,"185":0,"186":0,"187":0,"188":0,"189":0,"196":0,"197":0,"198":0,"201":0,"204":0,"214":0,"215":0,"217":0,"218":0,"219":0,"221":0,"223":0,"228":0,"229":0,"230":0,"231":0,"241":0,"242":0,"243":0,"244":0,"245":0,"246":0,"247":0,"256":0,"257":0,"262":0,"264":0,"265":0,"266":0,"271":0,"273":0,"274":0,"275":0,"279":0,"280":0,"281":0,"282":0,"283":0,"284":0,"285":0,"286":0,"287":0,"289":0,"290":0,"291":0,"295":0,"299":0,"303":0,"307":0,"311":0},"path":"/home/augusto/contracts/contracts/VGInstantiator.sol","s":{"1":0,"2":0,"3":0,"4":0,"5":0,"6":0,"7":0,"8":0,"9":0,"10":0,"11":0,"12":0,"13":0,"14":0,"15":0,"16":0,"17":0,"18":0,"19":0,"20":0,"21":0,"22":0,"23":0,"24":0,"25":0,"26":0,"27":0,"28":0,"29":0,"30":0,"31":0,"32":0,"33":0,"34":0,"35":0,"36":0,"37":0,"38":0,"39":0,"40":0,"41":0,"42":0,"43":0,"44":0,"45":0,"46":0,"47":0,"48":0,"49":0,"50":0,"51":0,"52":0,"53":0,"54":0,"55":0,"56":0,"57":0,"58":0,"59":0,"60":0,"61":0,"62":0,"63":0,"64":0,"65":0,"66":0,"67":0,"68":0,"69":0,"70":0,"71":0,"72":0,"73":0,"74":0,"75":0,"76":0,"77":0,"78":0,"79":0,"80":0,"81":0},"b":{"1":[0,0],"2":[0,0],"3":[0,0],"4":[0,0],"5":[0,0],"6":[0,0],"7":[0,0],"8":[0,0],"9":[0,0],"10":[0,0],"11":[0,0],"12":[0,0],"13":[0,0],"14":[0,0],"15":[0,0],"16":[0,0],"17":[0,0],"18":[0,0],"19":[0,0],"20":[0,0],"21":[0,0],"22":[0,0],"23":[0,0],"24":[0,0]},"f":{"1":0,"2":0,"3":0,"4":0,"5":0,"6":0,"7":0,"8":0,"9":0,"10":0,"11":0,"12":0,"13":0,"14":0,"15":0,"16":0,"17":0,"18":0,"19":0},"fnMap":{"1":{"name":null,"line":88,"loc":{"start":{"line":88,"column":2},"end":{"line":90,"column":54}}},"2":{"name":"instantiate","line":96,"loc":{"start":{"line":96,"column":2},"end":{"line":101,"column":3}}},"3":{"name":"setChallengerPrice","line":128,"loc":{"start":{"line":128,"column":2},"end":{"line":131,"column":3}}},"4":{"name":"setClaimerPrice","line":138,"loc":{"start":{"line":138,"column":2},"end":{"line":141,"column":3}}},"5":{"name":"buyInstanceFromChallenger","line":149,"loc":{"start":{"line":149,"column":2},"end":{"line":149,"column":58}}},"6":{"name":"buyInstanceFromClaimer","line":160,"loc":{"start":{"line":160,"column":2},"end":{"line":160,"column":55}}},"7":{"name":"finishSalePhase","line":172,"loc":{"start":{"line":172,"column":2},"end":{"line":174,"column":3}}},"8":{"name":"winByPartitionTimeout","line":195,"loc":{"start":{"line":195,"column":2},"end":{"line":195,"column":54}}},"9":{"name":"startMachineRunChallenge","line":213,"loc":{"start":{"line":213,"column":2},"end":{"line":213,"column":57}}},"10":{"name":"settleVerificationGame","line":238,"loc":{"start":{"line":238,"column":2},"end":{"line":240,"column":3}}},"11":{"name":"claimVictoryByDeadline","line":252,"loc":{"start":{"line":252,"column":2},"end":{"line":255,"column":3}}},"12":{"name":"challengerWins","line":260,"loc":{"start":{"line":260,"column":2},"end":{"line":261,"column":3}}},"13":{"name":"claimerWins","line":269,"loc":{"start":{"line":269,"column":2},"end":{"line":270,"column":3}}},"14":{"name":"clearInstance","line":278,"loc":{"start":{"line":278,"column":2},"end":{"line":278,"column":48}}},"15":{"name":"stateIsWaitSale","line":294,"loc":{"start":{"line":294,"column":2},"end":{"line":294,"column":67}}},"16":{"name":"stateIsWaitPartition","line":298,"loc":{"start":{"line":298,"column":2},"end":{"line":298,"column":72}}},"17":{"name":"stateIsWaitMemoryProveValues","line":302,"loc":{"start":{"line":302,"column":2},"end":{"line":302,"column":80}}},"18":{"name":"stateIsFinishedClaimerWon","line":306,"loc":{"start":{"line":306,"column":2},"end":{"line":306,"column":77}}},"19":{"name":"stateIsFinishedChallengerWon","line":310,"loc":{"start":{"line":310,"column":2},"end":{"line":310,"column":80}}}},"statementMap":{"1":{"start":{"line":91,"column":4},"end":{"line":91,"column":47}},"2":{"start":{"line":92,"column":4},"end":{"line":92,"column":64}},"3":{"start":{"line":93,"column":4},"end":{"line":93,"column":43}},"4":{"start":{"line":102,"column":4},"end":{"line":102,"column":76}},"5":{"start":{"line":103,"column":4},"end":{"line":103,"column":26}},"6":{"start":{"line":104,"column":4},"end":{"line":104,"column":50}},"7":{"start":{"line":105,"column":4},"end":{"line":105,"column":44}},"8":{"start":{"line":106,"column":4},"end":{"line":106,"column":46}},"9":{"start":{"line":107,"column":4},"end":{"line":107,"column":56}},"10":{"start":{"line":108,"column":4},"end":{"line":108,"column":53}},"11":{"start":{"line":109,"column":4},"end":{"line":109,"column":56}},"12":{"start":{"line":110,"column":4},"end":{"line":110,"column":56}},"13":{"start":{"line":111,"column":4},"end":{"line":111,"column":69}},"14":{"start":{"line":112,"column":4},"end":{"line":112,"column":52}},"15":{"start":{"line":113,"column":4},"end":{"line":113,"column":62}},"16":{"start":{"line":114,"column":4},"end":{"line":114,"column":48}},"17":{"start":{"line":115,"column":4},"end":{"line":115,"column":46}},"18":{"start":{"line":116,"column":4},"end":{"line":116,"column":55}},"19":{"start":{"line":117,"column":4},"end":{"line":117,"column":5356}},"20":{"start":{"line":122,"column":4},"end":{"line":122,"column":28}},"21":{"start":{"line":132,"column":4},"end":{"line":132,"column":59}},"22":{"start":{"line":133,"column":4},"end":{"line":133,"column":78}},"23":{"start":{"line":134,"column":4},"end":{"line":134,"column":50}},"24":{"start":{"line":135,"column":4},"end":{"line":135,"column":55}},"25":{"start":{"line":142,"column":4},"end":{"line":142,"column":59}},"26":{"start":{"line":143,"column":4},"end":{"line":143,"column":78}},"27":{"start":{"line":144,"column":4},"end":{"line":144,"column":47}},"28":{"start":{"line":145,"column":4},"end":{"line":145,"column":56}},"29":{"start":{"line":150,"column":4},"end":{"line":150,"column":59}},"30":{"start":{"line":151,"column":4},"end":{"line":151,"column":6928}},"31":{"start":{"line":153,"column":4},"end":{"line":153,"column":7068}},"32":{"start":{"line":155,"column":4},"end":{"line":155,"column":43}},"33":{"start":{"line":156,"column":4},"end":{"line":156,"column":66}},"34":{"start":{"line":161,"column":4},"end":{"line":161,"column":59}},"35":{"start":{"line":162,"column":4},"end":{"line":162,"column":7522}},"36":{"start":{"line":164,"column":4},"end":{"line":164,"column":7659}},"37":{"start":{"line":166,"column":4},"end":{"line":166,"column":40}},"38":{"start":{"line":167,"column":4},"end":{"line":167,"column":63}},"39":{"start":{"line":175,"column":4},"end":{"line":175,"column":59}},"40":{"start":{"line":176,"column":4},"end":{"line":176,"column":40}},"41":{"start":{"line":177,"column":4},"end":{"line":177,"column":8221}},"42":{"start":{"line":188,"column":4},"end":{"line":188,"column":54}},"43":{"start":{"line":189,"column":4},"end":{"line":189,"column":67}},"44":{"start":{"line":196,"column":4},"end":{"line":196,"column":64}},"45":{"start":{"line":197,"column":4},"end":{"line":197,"column":61}},"46":{"start":{"line":198,"column":4},"end":{"line":198,"column":9262}},"47":{"start":{"line":200,"column":8},"end":{"line":200,"column":29}},"48":{"start":{"line":200,"column":32},"end":{"line":200,"column":38}},"49":{"start":{"line":201,"column":4},"end":{"line":201,"column":9399}},"50":{"start":{"line":203,"column":8},"end":{"line":203,"column":26}},"51":{"start":{"line":203,"column":29},"end":{"line":203,"column":35}},"52":{"start":{"line":204,"column":4},"end":{"line":204,"column":17}},"53":{"start":{"line":214,"column":4},"end":{"line":214,"column":64}},"54":{"start":{"line":215,"column":4},"end":{"line":215,"column":10100}},"55":{"start":{"line":217,"column":4},"end":{"line":217,"column":61}},"56":{"start":{"line":218,"column":4},"end":{"line":218,"column":65}},"57":{"start":{"line":219,"column":4},"end":{"line":219,"column":10335}},"58":{"start":{"line":221,"column":4},"end":{"line":221,"column":10441}},"59":{"start":{"line":223,"column":4},"end":{"line":223,"column":10543}},"60":{"start":{"line":229,"column":4},"end":{"line":229,"column":40}},"61":{"start":{"line":230,"column":4},"end":{"line":230,"column":62}},"62":{"start":{"line":231,"column":4},"end":{"line":231,"column":70}},"63":{"start":{"line":241,"column":4},"end":{"line":241,"column":72}},"64":{"start":{"line":242,"column":4},"end":{"line":242,"column":47}},"65":{"start":{"line":243,"column":4},"end":{"line":243,"column":71}},"66":{"start":{"line":245,"column":4},"end":{"line":245,"column":72}},"67":{"start":{"line":246,"column":4},"end":{"line":246,"column":71}},"68":{"start":{"line":247,"column":4},"end":{"line":247,"column":25}},"69":{"start":{"line":256,"column":4},"end":{"line":256,"column":72}},"70":{"start":{"line":257,"column":4},"end":{"line":257,"column":22}},"71":{"start":{"line":264,"column":6},"end":{"line":264,"column":26}},"72":{"start":{"line":265,"column":6},"end":{"line":265,"column":64}},"73":{"start":{"line":266,"column":6},"end":{"line":266,"column":52}},"74":{"start":{"line":273,"column":6},"end":{"line":273,"column":26}},"75":{"start":{"line":274,"column":6},"end":{"line":274,"column":61}},"76":{"start":{"line":275,"column":6},"end":{"line":275,"column":52}},"77":{"start":{"line":295,"column":4},"end":{"line":295,"column":58}},"78":{"start":{"line":299,"column":4},"end":{"line":299,"column":63}},"79":{"start":{"line":303,"column":4},"end":{"line":303,"column":71}},"80":{"start":{"line":307,"column":4},"end":{"line":307,"column":68}},"81":{"start":{"line":311,"column":4},"end":{"line":311,"column":68}}},"branchMap":{"1":{"line":102,"type":"if","locations":[{"start":{"line":102,"column":4},"end":{"line":102,"column":4}},{"start":{"line":102,"column":4},"end":{"line":102,"column":4}}]},"2":{"line":103,"type":"if","locations":[{"start":{"line":103,"column":4},"end":{"line":103,"column":4}},{"start":{"line":103,"column":4},"end":{"line":103,"column":4}}]},"3":{"line":132,"type":"if","locations":[{"start":{"line":132,"column":4},"end":{"line":132,"column":4}},{"start":{"line":132,"column":4},"end":{"line":132,"column":4}}]},"4":{"line":133,"type":"if","locations":[{"start":{"line":133,"column":4},"end":{"line":133,"column":4}},{"start":{"line":133,"column":4},"end":{"line":133,"column":4}}]},"5":{"line":142,"type":"if","locations":[{"start":{"line":142,"column":4},"end":{"line":142,"column":4}},{"start":{"line":142,"column":4},"end":{"line":142,"column":4}}]},"6":{"line":143,"type":"if","locations":[{"start":{"line":143,"column":4},"end":{"line":143,"column":4}},{"start":{"line":143,"column":4},"end":{"line":143,"column":4}}]},"7":{"line":150,"type":"if","locations":[{"start":{"line":150,"column":4},"end":{"line":150,"column":4}},{"start":{"line":150,"column":4},"end":{"line":150,"column":4}}]},"8":{"line":151,"type":"if","locations":[{"start":{"line":151,"column":4},"end":{"line":151,"column":4}},{"start":{"line":151,"column":4},"end":{"line":151,"column":4}}]},"9":{"line":153,"type":"if","locations":[{"start":{"line":153,"column":4},"end":{"line":153,"column":4}},{"start":{"line":153,"column":4},"end":{"line":153,"column":4}}]},"10":{"line":161,"type":"if","locations":[{"start":{"line":161,"column":4},"end":{"line":161,"column":4}},{"start":{"line":161,"column":4},"end":{"line":161,"column":4}}]},"11":{"line":162,"type":"if","locations":[{"start":{"line":162,"column":4},"end":{"line":162,"column":4}},{"start":{"line":162,"column":4},"end":{"line":162,"column":4}}]},"12":{"line":164,"type":"if","locations":[{"start":{"line":164,"column":4},"end":{"line":164,"column":4}},{"start":{"line":164,"column":4},"end":{"line":164,"column":4}}]},"13":{"line":175,"type":"if","locations":[{"start":{"line":175,"column":4},"end":{"line":175,"column":4}},{"start":{"line":175,"column":4},"end":{"line":175,"column":4}}]},"14":{"line":196,"type":"if","locations":[{"start":{"line":196,"column":4},"end":{"line":196,"column":4}},{"start":{"line":196,"column":4},"end":{"line":196,"column":4}}]},"15":{"line":198,"type":"if","locations":[{"start":{"line":198,"column":4},"end":{"line":198,"column":4}},{"start":{"line":198,"column":4},"end":{"line":198,"column":4}}]},"16":{"line":201,"type":"if","locations":[{"start":{"line":201,"column":4},"end":{"line":201,"column":4}},{"start":{"line":201,"column":4},"end":{"line":201,"column":4}}]},"17":{"line":204,"type":"if","locations":[{"start":{"line":204,"column":4},"end":{"line":204,"column":4}},{"start":{"line":204,"column":4},"end":{"line":204,"column":4}}]},"18":{"line":214,"type":"if","locations":[{"start":{"line":214,"column":4},"end":{"line":214,"column":4}},{"start":{"line":214,"column":4},"end":{"line":214,"column":4}}]},"19":{"line":215,"type":"if","locations":[{"start":{"line":215,"column":4},"end":{"line":215,"column":4}},{"start":{"line":215,"column":4},"end":{"line":215,"column":4}}]},"20":{"line":241,"type":"if","locations":[{"start":{"line":241,"column":4},"end":{"line":241,"column":4}},{"start":{"line":241,"column":4},"end":{"line":241,"column":4}}]},"21":{"line":243,"type":"if","locations":[{"start":{"line":243,"column":4},"end":{"line":243,"column":4}},{"start":{"line":243,"column":4},"end":{"line":243,"column":4}}]},"22":{"line":245,"type":"if","locations":[{"start":{"line":245,"column":4},"end":{"line":245,"column":4}},{"start":{"line":245,"column":4},"end":{"line":245,"column":4}}]},"23":{"line":246,"type":"if","locations":[{"start":{"line":246,"column":4},"end":{"line":246,"column":4}},{"start":{"line":246,"column":4},"end":{"line":246,"column":4}}]},"24":{"line":256,"type":"if","locations":[{"start":{"line":256,"column":4},"end":{"line":256,"column":4}},{"start":{"line":256,"column":4},"end":{"line":256,"column":4}}]}}}}